C51 COMPILER V9.60.0.0   DELAY                                                             06/01/2021 22:07:00 PAGE 1   


C51 COMPILER V9.60.0.0, COMPILATION OF MODULE DELAY
OBJECT MODULE PLACED IN .\Objects\delay.obj
COMPILER INVOKED BY: C:\Keil_v5\C51\BIN\C51.EXE User_DSP\delay.c LARGE OMF2 OPTIMIZE(8,SPEED) BROWSE INCDIR(..\STC8_I2C_
                    -OLED_Example;.\OLED_DSP;.\User_DSP;.\Common;.\Main) DEBUG PRINT(.\Listings\delay.lst) TABS(2) OBJECT(.\Objects\delay.obj
                    -)

line level    source

   1          
   2          /*---------------------------------------------------------------------*/
   3          /* --- STC MCU International Limited ----------------------------------*/
   4          /* --- STC 1T Series MCU Demo Programme -------------------------------*/
   5          /* --- Mobile: (86)13922805190 ----------------------------------------*/
   6          /* --- Fax: 86-0513-55012956,55012947,55012969 ------------------------*/
   7          /* --- Tel: 86-0513-55012928,55012929,55012966 ------------------------*/
   8          /* --- Web: www.GXWMCU.com --------------------------------------------*/
   9          /* --- QQ:  800003751 -------------------------------------------------*/
  10          /* 如果要在程序中使用此代码,请在程序中注明使用了宏晶科技的资料及程序   */
  11          /*---------------------------------------------------------------------*/
  12          
  13          
  14          /*************  功能说明  **************
  15          
  16          本文件为STC15xxx系列的延时程序,用户几乎可以不修改这个程序.
  17          
  18          ******************************************/
  19          
  20          #include  "delay.h"
  21          #include <intrins.h>
  22          
  23          //========================================================================
  24          // 函数: void  delay_ms(unsigned char ms)
  25          // 描述: 延时函数。
  26          // 参数: ms,要延时的ms数, 这里只支持1~255ms. 自动适应主时钟.
  27          // 返回: none.
  28          // 版本: VER1.0
  29          // 日期: 2013-4-1
  30          // 备注: 
  31          //========================================================================
  32          void  delay_ms(unsigned int ms)
  33          {
  34   1         unsigned int i;
  35   1         do{
  36   2              i = MAIN_Fosc / 12000;
  37   2            while(--i)  ;   //14T per loop
  38   2           }while(--ms);
  39   1      }
  40          //-------------------------------------------------------------------------------
  41          //子程序名称:void DelayMs(unsigned char m)
  42          //功能：延时子函数.
  43          //-------------------------------------------------------------------------------
  44          void DelayMs(unsigned char m)
  45          {
  46   1        unsigned char i,j,k;
  47   1        for(k=0;k<m;k++)
  48   1        {
  49   2        i = 24;
  50   2        j = 85;
  51   2        do
  52   2        {
  53   3          while (--j);
C51 COMPILER V9.60.0.0   DELAY                                                             06/01/2021 22:07:00 PAGE 2   

  54   3        } while (--i);
  55   2        }
  56   1      }


MODULE INFORMATION:   STATIC OVERLAYABLE
   CODE SIZE        =     42    ----
   CONSTANT SIZE    =   ----    ----
   XDATA SIZE       =   ----    ----
   PDATA SIZE       =   ----    ----
   DATA SIZE        =   ----    ----
   IDATA SIZE       =   ----    ----
   BIT SIZE         =   ----    ----
   EDATA SIZE       =   ----    ----
   HDATA SIZE       =   ----    ----
   XDATA CONST SIZE =   ----    ----
   FAR CONST SIZE   =   ----    ----
END OF MODULE INFORMATION.


C51 COMPILATION COMPLETE.  0 WARNING(S),  0 ERROR(S)
