C51 COMPILER V9.60.0.0   FONT                                                              06/01/2021 22:07:01 PAGE 1   


C51 COMPILER V9.60.0.0, COMPILATION OF MODULE FONT
OBJECT MODULE PLACED IN .\Objects\font.obj
COMPILER INVOKED BY: C:\Keil_v5\C51\BIN\C51.EXE OLED_DSP\font.c LARGE OMF2 OPTIMIZE(8,SPEED) BROWSE INCDIR(..\STC8_I2C_O
                    -LED_Example;.\OLED_DSP;.\User_DSP;.\Common;.\Main) DEBUG PRINT(.\Listings\font.lst) TABS(2) OBJECT(.\Objects\font.obj)

line level    source

   1           
   2          //常用ASCII表
   3          //偏移量32
   4          //ASCII字符集
   5          //偏移量32
   6          //大小:12*6
   7          #include "font.h"
   8          
   9          const unsigned char code F6x8[][6] =    
  10          {
  11          0x00, 0x00, 0x00, 0x00, 0x00, 0x00,// sp
  12          0x00, 0x00, 0x00, 0x2f, 0x00, 0x00,// !
  13          0x00, 0x00, 0x07, 0x00, 0x07, 0x00,// "
  14          0x00, 0x14, 0x7f, 0x14, 0x7f, 0x14,// #
  15          0x00, 0x24, 0x2a, 0x7f, 0x2a, 0x12,// $
  16          0x00, 0x62, 0x64, 0x08, 0x13, 0x23,// %
  17          0x00, 0x36, 0x49, 0x55, 0x22, 0x50,// &
  18          0x00, 0x00, 0x05, 0x03, 0x00, 0x00,// '
  19          0x00, 0x00, 0x1c, 0x22, 0x41, 0x00,// (
  20          0x00, 0x00, 0x41, 0x22, 0x1c, 0x00,// )
  21          0x00, 0x14, 0x08, 0x3E, 0x08, 0x14,// *
  22          0x00, 0x08, 0x08, 0x3E, 0x08, 0x08,// +
  23          0x00, 0x00, 0x00, 0xA0, 0x60, 0x00,// ,
  24          0x00, 0x08, 0x08, 0x08, 0x08, 0x08,// -
  25          0x00, 0x00, 0x60, 0x60, 0x00, 0x00,// .
  26          0x00, 0x20, 0x10, 0x08, 0x04, 0x02,// /
  27          0x00, 0x3E, 0x51, 0x49, 0x45, 0x3E,// 0
  28          0x00, 0x00, 0x42, 0x7F, 0x40, 0x00,// 1
  29          0x00, 0x42, 0x61, 0x51, 0x49, 0x46,// 2
  30          0x00, 0x21, 0x41, 0x45, 0x4B, 0x31,// 3
  31          0x00, 0x18, 0x14, 0x12, 0x7F, 0x10,// 4
  32          0x00, 0x27, 0x45, 0x45, 0x45, 0x39,// 5
  33          0x00, 0x3C, 0x4A, 0x49, 0x49, 0x30,// 6
  34          0x00, 0x01, 0x71, 0x09, 0x05, 0x03,// 7
  35          0x00, 0x36, 0x49, 0x49, 0x49, 0x36,// 8
  36          0x00, 0x06, 0x49, 0x49, 0x29, 0x1E,// 9
  37          0x00, 0x00, 0x36, 0x36, 0x00, 0x00,// :
  38          0x00, 0x00, 0x56, 0x36, 0x00, 0x00,// ;
  39          0x00, 0x08, 0x14, 0x22, 0x41, 0x00,// <
  40          0x00, 0x14, 0x14, 0x14, 0x14, 0x14,// =
  41          0x00, 0x00, 0x41, 0x22, 0x14, 0x08,// >
  42          0x00, 0x02, 0x01, 0x51, 0x09, 0x06,// ?
  43          0x00, 0x32, 0x49, 0x59, 0x51, 0x3E,// @
  44          0x00, 0x7C, 0x12, 0x11, 0x12, 0x7C,// A
  45          0x00, 0x7F, 0x49, 0x49, 0x49, 0x36,// B
  46          0x00, 0x3E, 0x41, 0x41, 0x41, 0x22,// C
  47          0x00, 0x7F, 0x41, 0x41, 0x22, 0x1C,// D
  48          0x00, 0x7F, 0x49, 0x49, 0x49, 0x41,// E
  49          0x00, 0x7F, 0x09, 0x09, 0x09, 0x01,// F
  50          0x00, 0x3E, 0x41, 0x49, 0x49, 0x7A,// G
  51          0x00, 0x7F, 0x08, 0x08, 0x08, 0x7F,// H
  52          0x00, 0x00, 0x41, 0x7F, 0x41, 0x00,// I
  53          0x00, 0x20, 0x40, 0x41, 0x3F, 0x01,// J
  54          0x00, 0x7F, 0x08, 0x14, 0x22, 0x41,// K
C51 COMPILER V9.60.0.0   FONT                                                              06/01/2021 22:07:01 PAGE 2   

  55          0x00, 0x7F, 0x40, 0x40, 0x40, 0x40,// L
  56          0x00, 0x7F, 0x02, 0x0C, 0x02, 0x7F,// M
  57          0x00, 0x7F, 0x04, 0x08, 0x10, 0x7F,// N
  58          0x00, 0x3E, 0x41, 0x41, 0x41, 0x3E,// O
  59          0x00, 0x7F, 0x09, 0x09, 0x09, 0x06,// P
  60          0x00, 0x3E, 0x41, 0x51, 0x21, 0x5E,// Q
  61          0x00, 0x7F, 0x09, 0x19, 0x29, 0x46,// R
  62          0x00, 0x46, 0x49, 0x49, 0x49, 0x31,// S
  63          0x00, 0x01, 0x01, 0x7F, 0x01, 0x01,// T
  64          0x00, 0x3F, 0x40, 0x40, 0x40, 0x3F,// U
  65          0x00, 0x1F, 0x20, 0x40, 0x20, 0x1F,// V
  66          0x00, 0x3F, 0x40, 0x38, 0x40, 0x3F,// W
  67          0x00, 0x63, 0x14, 0x08, 0x14, 0x63,// X
  68          0x00, 0x07, 0x08, 0x70, 0x08, 0x07,// Y
  69          0x00, 0x61, 0x51, 0x49, 0x45, 0x43,// Z
  70          0x00, 0x00, 0x7F, 0x41, 0x41, 0x00,// [
  71          0x00, 0x55, 0x2A, 0x55, 0x2A, 0x55,// 55
  72          0x00, 0x00, 0x41, 0x41, 0x7F, 0x00,// ]
  73          0x00, 0x04, 0x02, 0x01, 0x02, 0x04,// ^
  74          0x00, 0x40, 0x40, 0x40, 0x40, 0x40,// _
  75          0x00, 0x00, 0x01, 0x02, 0x04, 0x00,// '
  76          0x00, 0x20, 0x54, 0x54, 0x54, 0x78,// a
  77          0x00, 0x7F, 0x48, 0x44, 0x44, 0x38,// b
  78          0x00, 0x38, 0x44, 0x44, 0x44, 0x20,// c
  79          0x00, 0x38, 0x44, 0x44, 0x48, 0x7F,// d
  80          0x00, 0x38, 0x54, 0x54, 0x54, 0x18,// e
  81          0x00, 0x08, 0x7E, 0x09, 0x01, 0x02,// f
  82          0x00, 0x18, 0xA4, 0xA4, 0xA4, 0x7C,// g
  83          0x00, 0x7F, 0x08, 0x04, 0x04, 0x78,// h
  84          0x00, 0x00, 0x44, 0x7D, 0x40, 0x00,// i
  85          0x00, 0x40, 0x80, 0x84, 0x7D, 0x00,// j
  86          0x00, 0x7F, 0x10, 0x28, 0x44, 0x00,// k
  87          0x00, 0x00, 0x41, 0x7F, 0x40, 0x00,// l
  88          0x00, 0x7C, 0x04, 0x18, 0x04, 0x78,// m
  89          0x00, 0x7C, 0x08, 0x04, 0x04, 0x78,// n
  90          0x00, 0x38, 0x44, 0x44, 0x44, 0x38,// o
  91          0x00, 0xFC, 0x24, 0x24, 0x24, 0x18,// p
  92          0x00, 0x18, 0x24, 0x24, 0x18, 0xFC,// q
  93          0x00, 0x7C, 0x08, 0x04, 0x04, 0x08,// r
  94          0x00, 0x48, 0x54, 0x54, 0x54, 0x20,// s
  95          0x00, 0x04, 0x3F, 0x44, 0x40, 0x20,// t
  96          0x00, 0x3C, 0x40, 0x40, 0x20, 0x7C,// u
  97          0x00, 0x1C, 0x20, 0x40, 0x20, 0x1C,// v
  98          0x00, 0x3C, 0x40, 0x30, 0x40, 0x3C,// w
  99          0x00, 0x44, 0x28, 0x10, 0x28, 0x44,// x
 100          0x00, 0x1C, 0xA0, 0xA0, 0xA0, 0x7C,// y
 101          0x00, 0x44, 0x64, 0x54, 0x4C, 0x44,// z
 102          0x14, 0x14, 0x14, 0x14, 0x14, 0x14,// horiz lines
 103          };
 104          /****************************************8*16的点阵************************************/
 105          const unsigned char code F8X16[]=   
 106          {
 107            0x00,0x00,0x00,0x00,0x00,0x00,0x00,0x00,0x00,0x00,0x00,0x00,0x00,0x00,0x00,0x00,// 0
 108            0x00,0x00,0x00,0xF8,0x00,0x00,0x00,0x00,0x00,0x00,0x00,0x33,0x30,0x00,0x00,0x00,//! 1
 109            0x00,0x10,0x0C,0x06,0x10,0x0C,0x06,0x00,0x00,0x00,0x00,0x00,0x00,0x00,0x00,0x00,//" 2
 110            0x40,0xC0,0x78,0x40,0xC0,0x78,0x40,0x00,0x04,0x3F,0x04,0x04,0x3F,0x04,0x04,0x00,//# 3
 111            0x00,0x70,0x88,0xFC,0x08,0x30,0x00,0x00,0x00,0x18,0x20,0xFF,0x21,0x1E,0x00,0x00,//$ 4
 112            0xF0,0x08,0xF0,0x00,0xE0,0x18,0x00,0x00,0x00,0x21,0x1C,0x03,0x1E,0x21,0x1E,0x00,//% 5
 113            0x00,0xF0,0x08,0x88,0x70,0x00,0x00,0x00,0x1E,0x21,0x23,0x24,0x19,0x27,0x21,0x10,//& 6
 114            0x10,0x16,0x0E,0x00,0x00,0x00,0x00,0x00,0x00,0x00,0x00,0x00,0x00,0x00,0x00,0x00,//' 7
 115            0x00,0x00,0x00,0xE0,0x18,0x04,0x02,0x00,0x00,0x00,0x00,0x07,0x18,0x20,0x40,0x00,//( 8
 116            0x00,0x02,0x04,0x18,0xE0,0x00,0x00,0x00,0x00,0x40,0x20,0x18,0x07,0x00,0x00,0x00,//) 9
C51 COMPILER V9.60.0.0   FONT                                                              06/01/2021 22:07:01 PAGE 3   

 117            0x40,0x40,0x80,0xF0,0x80,0x40,0x40,0x00,0x02,0x02,0x01,0x0F,0x01,0x02,0x02,0x00,//* 10
 118            0x00,0x00,0x00,0xF0,0x00,0x00,0x00,0x00,0x01,0x01,0x01,0x1F,0x01,0x01,0x01,0x00,//+ 11
 119            0x00,0x00,0x00,0x00,0x00,0x00,0x00,0x00,0x80,0xB0,0x70,0x00,0x00,0x00,0x00,0x00,//, 12
 120            0x00,0x00,0x00,0x00,0x00,0x00,0x00,0x00,0x00,0x01,0x01,0x01,0x01,0x01,0x01,0x01,//- 13
 121            0x00,0x00,0x00,0x00,0x00,0x00,0x00,0x00,0x00,0x30,0x30,0x00,0x00,0x00,0x00,0x00,//. 14
 122            0x00,0x00,0x00,0x00,0x80,0x60,0x18,0x04,0x00,0x60,0x18,0x06,0x01,0x00,0x00,0x00,/// 15
 123            0x00,0xE0,0x10,0x08,0x08,0x10,0xE0,0x00,0x00,0x0F,0x10,0x20,0x20,0x10,0x0F,0x00,//0 16
 124            0x00,0x10,0x10,0xF8,0x00,0x00,0x00,0x00,0x00,0x20,0x20,0x3F,0x20,0x20,0x00,0x00,//1 17
 125            0x00,0x70,0x08,0x08,0x08,0x88,0x70,0x00,0x00,0x30,0x28,0x24,0x22,0x21,0x30,0x00,//2 18
 126            0x00,0x30,0x08,0x88,0x88,0x48,0x30,0x00,0x00,0x18,0x20,0x20,0x20,0x11,0x0E,0x00,//3 19
 127            0x00,0x00,0xC0,0x20,0x10,0xF8,0x00,0x00,0x00,0x07,0x04,0x24,0x24,0x3F,0x24,0x00,//4 20
 128            0x00,0xF8,0x08,0x88,0x88,0x08,0x08,0x00,0x00,0x19,0x21,0x20,0x20,0x11,0x0E,0x00,//5 21
 129            0x00,0xE0,0x10,0x88,0x88,0x18,0x00,0x00,0x00,0x0F,0x11,0x20,0x20,0x11,0x0E,0x00,//6 22
 130            0x00,0x38,0x08,0x08,0xC8,0x38,0x08,0x00,0x00,0x00,0x00,0x3F,0x00,0x00,0x00,0x00,//7 23
 131            0x00,0x70,0x88,0x08,0x08,0x88,0x70,0x00,0x00,0x1C,0x22,0x21,0x21,0x22,0x1C,0x00,//8 24
 132            0x00,0xE0,0x10,0x08,0x08,0x10,0xE0,0x00,0x00,0x00,0x31,0x22,0x22,0x11,0x0F,0x00,//9 25
 133            0x00,0x00,0x00,0xC0,0xC0,0x00,0x00,0x00,0x00,0x00,0x00,0x30,0x30,0x00,0x00,0x00,//: 26
 134            0x00,0x00,0x00,0x80,0x00,0x00,0x00,0x00,0x00,0x00,0x80,0x60,0x00,0x00,0x00,0x00,//; 27
 135            0x00,0x00,0x80,0x40,0x20,0x10,0x08,0x00,0x00,0x01,0x02,0x04,0x08,0x10,0x20,0x00,//< 28
 136            0x40,0x40,0x40,0x40,0x40,0x40,0x40,0x00,0x04,0x04,0x04,0x04,0x04,0x04,0x04,0x00,//= 29
 137            0x00,0x08,0x10,0x20,0x40,0x80,0x00,0x00,0x00,0x20,0x10,0x08,0x04,0x02,0x01,0x00,//> 30
 138            0x00,0x70,0x48,0x08,0x08,0x08,0xF0,0x00,0x00,0x00,0x00,0x30,0x36,0x01,0x00,0x00,//? 31
 139            0xC0,0x30,0xC8,0x28,0xE8,0x10,0xE0,0x00,0x07,0x18,0x27,0x24,0x23,0x14,0x0B,0x00,//@ 32
 140            0x00,0x00,0xC0,0x38,0xE0,0x00,0x00,0x00,0x20,0x3C,0x23,0x02,0x02,0x27,0x38,0x20,//A 33
 141            0x08,0xF8,0x88,0x88,0x88,0x70,0x00,0x00,0x20,0x3F,0x20,0x20,0x20,0x11,0x0E,0x00,//B 34
 142            0xC0,0x30,0x08,0x08,0x08,0x08,0x38,0x00,0x07,0x18,0x20,0x20,0x20,0x10,0x08,0x00,//C 35
 143            0x08,0xF8,0x08,0x08,0x08,0x10,0xE0,0x00,0x20,0x3F,0x20,0x20,0x20,0x10,0x0F,0x00,//D 36
 144            0x08,0xF8,0x88,0x88,0xE8,0x08,0x10,0x00,0x20,0x3F,0x20,0x20,0x23,0x20,0x18,0x00,//E 37
 145            0x08,0xF8,0x88,0x88,0xE8,0x08,0x10,0x00,0x20,0x3F,0x20,0x00,0x03,0x00,0x00,0x00,//F 38
 146            0xC0,0x30,0x08,0x08,0x08,0x38,0x00,0x00,0x07,0x18,0x20,0x20,0x22,0x1E,0x02,0x00,//G 39
 147            0x08,0xF8,0x08,0x00,0x00,0x08,0xF8,0x08,0x20,0x3F,0x21,0x01,0x01,0x21,0x3F,0x20,//H 40
 148            0x00,0x08,0x08,0xF8,0x08,0x08,0x00,0x00,0x00,0x20,0x20,0x3F,0x20,0x20,0x00,0x00,//I 41
 149            0x00,0x00,0x08,0x08,0xF8,0x08,0x08,0x00,0xC0,0x80,0x80,0x80,0x7F,0x00,0x00,0x00,//J 42
 150            0x08,0xF8,0x88,0xC0,0x28,0x18,0x08,0x00,0x20,0x3F,0x20,0x01,0x26,0x38,0x20,0x00,//K 43
 151            0x08,0xF8,0x08,0x00,0x00,0x00,0x00,0x00,0x20,0x3F,0x20,0x20,0x20,0x20,0x30,0x00,//L 44
 152            0x08,0xF8,0xF8,0x00,0xF8,0xF8,0x08,0x00,0x20,0x3F,0x00,0x3F,0x00,0x3F,0x20,0x00,//M 45
 153            0x08,0xF8,0x30,0xC0,0x00,0x08,0xF8,0x08,0x20,0x3F,0x20,0x00,0x07,0x18,0x3F,0x00,//N 46
 154            0xE0,0x10,0x08,0x08,0x08,0x10,0xE0,0x00,0x0F,0x10,0x20,0x20,0x20,0x10,0x0F,0x00,//O 47
 155            0x08,0xF8,0x08,0x08,0x08,0x08,0xF0,0x00,0x20,0x3F,0x21,0x01,0x01,0x01,0x00,0x00,//P 48
 156            0xE0,0x10,0x08,0x08,0x08,0x10,0xE0,0x00,0x0F,0x18,0x24,0x24,0x38,0x50,0x4F,0x00,//Q 49
 157            0x08,0xF8,0x88,0x88,0x88,0x88,0x70,0x00,0x20,0x3F,0x20,0x00,0x03,0x0C,0x30,0x20,//R 50
 158            0x00,0x70,0x88,0x08,0x08,0x08,0x38,0x00,0x00,0x38,0x20,0x21,0x21,0x22,0x1C,0x00,//S 51
 159            0x18,0x08,0x08,0xF8,0x08,0x08,0x18,0x00,0x00,0x00,0x20,0x3F,0x20,0x00,0x00,0x00,//T 52
 160            0x08,0xF8,0x08,0x00,0x00,0x08,0xF8,0x08,0x00,0x1F,0x20,0x20,0x20,0x20,0x1F,0x00,//U 53
 161            0x08,0x78,0x88,0x00,0x00,0xC8,0x38,0x08,0x00,0x00,0x07,0x38,0x0E,0x01,0x00,0x00,//V 54
 162            0xF8,0x08,0x00,0xF8,0x00,0x08,0xF8,0x00,0x03,0x3C,0x07,0x00,0x07,0x3C,0x03,0x00,//W 55
 163            0x08,0x18,0x68,0x80,0x80,0x68,0x18,0x08,0x20,0x30,0x2C,0x03,0x03,0x2C,0x30,0x20,//X 56
 164            0x08,0x38,0xC8,0x00,0xC8,0x38,0x08,0x00,0x00,0x00,0x20,0x3F,0x20,0x00,0x00,0x00,//Y 57
 165            0x10,0x08,0x08,0x08,0xC8,0x38,0x08,0x00,0x20,0x38,0x26,0x21,0x20,0x20,0x18,0x00,//Z 58
 166            0x00,0x00,0x00,0xFE,0x02,0x02,0x02,0x00,0x00,0x00,0x00,0x7F,0x40,0x40,0x40,0x00,//[ 59
 167            0x00,0x0C,0x30,0xC0,0x00,0x00,0x00,0x00,0x00,0x00,0x00,0x01,0x06,0x38,0xC0,0x00,//\ 60
 168            0x00,0x02,0x02,0x02,0xFE,0x00,0x00,0x00,0x00,0x40,0x40,0x40,0x7F,0x00,0x00,0x00,//] 61
 169            0x00,0x00,0x04,0x02,0x02,0x02,0x04,0x00,0x00,0x00,0x00,0x00,0x00,0x00,0x00,0x00,//^ 62
 170            0x00,0x00,0x00,0x00,0x00,0x00,0x00,0x00,0x80,0x80,0x80,0x80,0x80,0x80,0x80,0x80,//_ 63
 171            0x00,0x02,0x02,0x04,0x00,0x00,0x00,0x00,0x00,0x00,0x00,0x00,0x00,0x00,0x00,0x00,//` 64
 172            0x00,0x00,0x80,0x80,0x80,0x80,0x00,0x00,0x00,0x19,0x24,0x22,0x22,0x22,0x3F,0x20,//a 65
 173            0x08,0xF8,0x00,0x80,0x80,0x00,0x00,0x00,0x00,0x3F,0x11,0x20,0x20,0x11,0x0E,0x00,//b 66
 174            0x00,0x00,0x00,0x80,0x80,0x80,0x00,0x00,0x00,0x0E,0x11,0x20,0x20,0x20,0x11,0x00,//c 67
 175            0x00,0x00,0x00,0x80,0x80,0x88,0xF8,0x00,0x00,0x0E,0x11,0x20,0x20,0x10,0x3F,0x20,//d 68
 176            0x00,0x00,0x80,0x80,0x80,0x80,0x00,0x00,0x00,0x1F,0x22,0x22,0x22,0x22,0x13,0x00,//e 69
 177            0x00,0x80,0x80,0xF0,0x88,0x88,0x88,0x18,0x00,0x20,0x20,0x3F,0x20,0x20,0x00,0x00,//f 70
 178            0x00,0x00,0x80,0x80,0x80,0x80,0x80,0x00,0x00,0x6B,0x94,0x94,0x94,0x93,0x60,0x00,//g 71
C51 COMPILER V9.60.0.0   FONT                                                              06/01/2021 22:07:01 PAGE 4   

 179            0x08,0xF8,0x00,0x80,0x80,0x80,0x00,0x00,0x20,0x3F,0x21,0x00,0x00,0x20,0x3F,0x20,//h 72
 180            0x00,0x80,0x98,0x98,0x00,0x00,0x00,0x00,0x00,0x20,0x20,0x3F,0x20,0x20,0x00,0x00,//i 73
 181            0x00,0x00,0x00,0x80,0x98,0x98,0x00,0x00,0x00,0xC0,0x80,0x80,0x80,0x7F,0x00,0x00,//j 74
 182            0x08,0xF8,0x00,0x00,0x80,0x80,0x80,0x00,0x20,0x3F,0x24,0x02,0x2D,0x30,0x20,0x00,//k 75
 183            0x00,0x08,0x08,0xF8,0x00,0x00,0x00,0x00,0x00,0x20,0x20,0x3F,0x20,0x20,0x00,0x00,//l 76
 184            0x80,0x80,0x80,0x80,0x80,0x80,0x80,0x00,0x20,0x3F,0x20,0x00,0x3F,0x20,0x00,0x3F,//m 77
 185            0x80,0x80,0x00,0x80,0x80,0x80,0x00,0x00,0x20,0x3F,0x21,0x00,0x00,0x20,0x3F,0x20,//n 78
 186            0x00,0x00,0x80,0x80,0x80,0x80,0x00,0x00,0x00,0x1F,0x20,0x20,0x20,0x20,0x1F,0x00,//o 79
 187            0x80,0x80,0x00,0x80,0x80,0x00,0x00,0x00,0x80,0xFF,0xA1,0x20,0x20,0x11,0x0E,0x00,//p 80
 188            0x00,0x00,0x00,0x80,0x80,0x80,0x80,0x00,0x00,0x0E,0x11,0x20,0x20,0xA0,0xFF,0x80,//q 81
 189            0x80,0x80,0x80,0x00,0x80,0x80,0x80,0x00,0x20,0x20,0x3F,0x21,0x20,0x00,0x01,0x00,//r 82
 190            0x00,0x00,0x80,0x80,0x80,0x80,0x80,0x00,0x00,0x33,0x24,0x24,0x24,0x24,0x19,0x00,//s 83
 191            0x00,0x80,0x80,0xE0,0x80,0x80,0x00,0x00,0x00,0x00,0x00,0x1F,0x20,0x20,0x00,0x00,//t 84
 192            0x80,0x80,0x00,0x00,0x00,0x80,0x80,0x00,0x00,0x1F,0x20,0x20,0x20,0x10,0x3F,0x20,//u 85
 193            0x80,0x80,0x80,0x00,0x00,0x80,0x80,0x80,0x00,0x01,0x0E,0x30,0x08,0x06,0x01,0x00,//v 86
 194            0x80,0x80,0x00,0x80,0x00,0x80,0x80,0x80,0x0F,0x30,0x0C,0x03,0x0C,0x30,0x0F,0x00,//w 87
 195            0x00,0x80,0x80,0x00,0x80,0x80,0x80,0x00,0x00,0x20,0x31,0x2E,0x0E,0x31,0x20,0x00,//x 88
 196            0x80,0x80,0x80,0x00,0x00,0x80,0x80,0x80,0x80,0x81,0x8E,0x70,0x18,0x06,0x01,0x00,//y 89
 197            0x00,0x80,0x80,0x80,0x80,0x80,0x80,0x00,0x00,0x21,0x30,0x2C,0x22,0x21,0x30,0x00,//z 90
 198            0x00,0x00,0x00,0x00,0x80,0x7C,0x02,0x02,0x00,0x00,0x00,0x00,0x00,0x3F,0x40,0x40,//{ 91
 199            0x00,0x00,0x00,0x00,0xFF,0x00,0x00,0x00,0x00,0x00,0x00,0x00,0xFF,0x00,0x00,0x00,//| 92
 200            0x00,0x02,0x02,0x7C,0x80,0x00,0x00,0x00,0x00,0x40,0x40,0x3F,0x00,0x00,0x00,0x00,//} 93
 201            0x00,0x06,0x01,0x01,0x02,0x02,0x04,0x04,0x00,0x00,0x00,0x00,0x00,0x00,0x00,0x00,//~ 94
 202          };
 203          
 204          //字体取模：宋体常规小四
 205          
 206          const typFNT_GB16 code tfont16[]=
 207          {
 208          0x04,0x24,0x44,0x84,0x64,0x9C,0x40,0x30,0x0F,0xC8,0x08,0x08,0x28,0x18,0x00,0x00,
 209          0x10,0x08,0x06,0x01,0x82,0x4C,0x20,0x18,0x06,0x01,0x06,0x18,0x20,0x40,0x80,0x00,"欢",/*0*/
 210          
 211          0x40,0x40,0x42,0xCC,0x00,0x00,0xFC,0x04,0x02,0x00,0xFC,0x04,0x04,0xFC,0x00,0x00,
 212          0x00,0x40,0x20,0x1F,0x20,0x40,0x4F,0x44,0x42,0x40,0x7F,0x42,0x44,0x43,0x40,0x00,"迎",/*1*/
 213          
 214          
 215          0x00,0x00,0x00,0x00,0x40,0x30,0x1C,0xFF,0x1C,0x30,0x40,0x00,0x00,0x00,0x00,0x00,
 216          0x00,0x00,0x00,0x00,0x00,0x00,0x00,0xFF,0x00,0x00,0x00,0x00,0x00,0x00,0x00,0x00,"↑",//0*/
 217          
 218          0x00,0x00,0x00,0x00,0x00,0x00,0x00,0xFF,0x00,0x00,0x00,0x00,0x00,0x00,0x00,0x00,
 219          0x00,0x00,0x00,0x00,0x02,0x0C,0x38,0xFF,0x38,0x0C,0x02,0x00,0x00,0x00,0x00,0x00,"三",//代替↓
 220          
 221          //0x01,0x01,0x01,0x01,0x01,0x01,0x01,0x01,0x01,0x01,0x01,0x01,0x01,0x01,0x01,0x01,
 222          //0x00,0x00,0x00,0x00,0x00,0x00,0x00,0x00,0x00,0x00,0x00,0x00,0x00,0x00,0x00,0x00,"一",//顶层一行线
 223          //0x00,0x00,0x00,0x00,0x00,0x00,0x00,0x00,0x00,0x00,0x00,0x00,0x00,0x00,0x00,0x00,
 224          //0x80,0x80,0x80,0x80,0x80,0x80,0x80,0x80,0x80,0x80,0x80,0x80,0x80,0x80,0x80,0x80,"一", //底层一行线
 225          
 226          
 227          0x00,0x00,0x00,0x00,0x00,0x40,0x40,0x8C,0x8C,0x40,0x40,0x00,0x00,0x00,0x00,0x00,
 228          0x04,0x0C,0x18,0x11,0x32,0x26,0x24,0x24,0x24,0x24,0x26,0x32,0x11,0x18,0x0C,0x04,"四",//超声波图标
 229          
 230          0xC0,0xF0,0xF0,0xC0,0x8C,0x3E,0x7F,0xC7,0xE2,0xB8,0x9C,0x9C,0x9C,0x9C,0x90,0x00,
 231          0x00,0x19,0x39,0x39,0x39,0x39,0x1D,0x0F,0xE3,0xFF,0x7C,0x71,0x03,0x0F,0x0F,0x03,"五",//水泵标志1
 232          
 233          0x00,0x00,0x00,0x00,0x00,0x18,0xFE,0xFE,0xFE,0xFE,0x18,0x00,0x00,0x00,0x00,0x00,
 234          0x00,0x00,0x00,0x00,0x00,0x18,0x3F,0x3F,0x3F,0x3F,0x18,0x18,0x1E,0x00,0x00,0x00,"六",
 235          
 236          0x00,0x00,0x00,0x04,0xC4,0x04,0x04,0xFC,0x82,0x82,0x42,0x42,0x00,0x00,0x00,0x00,
 237          0x00,0x20,0x20,0x20,0x3F,0x20,0x20,0x1F,0x10,0x10,0x10,0x10,0x10,0x10,0x00,0x00,"真",//仿宋_GB2312
 238          
 239          0x00,0x30,0x10,0x10,0xD2,0x54,0x50,0x2F,0xA8,0xEC,0x0B,0x08,0x18,0x08,0x00,0x00,
 240          0x00,0x00,0x00,0x3C,0x05,0x05,0x05,0x7F,0x02,0x12,0x22,0x1E,0x00,0x00,0x00,0x00,"常",//1*/
C51 COMPILER V9.60.0.0   FONT                                                              06/01/2021 22:07:01 PAGE 5   

 241          
 242          0x40,0x20,0x10,0xFC,0x03,0x00,0xF8,0x88,0x88,0xF8,0x44,0x44,0x40,0x00,0x00,0x00,
 243          0x00,0x00,0x00,0x7F,0x00,0x20,0x3F,0x10,0x08,0x63,0x0C,0x10,0x20,0x78,0x00,0x00,"低",//2*/
 244          
 245          0x00,0x40,0x40,0x20,0xA0,0x60,0x00,0xFE,0x20,0xC0,0x20,0x18,0x00,0x00,0x00,0x00,
 246          0x20,0x10,0x08,0x06,0x01,0x10,0x20,0x7F,0x00,0x00,0x03,0x0C,0x08,0x08,0x00,0x00,"水",//3*/
 247          
 248          0x80,0x40,0x20,0xF8,0x07,0x00,0xA0,0x20,0x21,0x16,0x10,0xD0,0x10,0x00,0x00,0x00,
 249          0x00,0x00,0x00,0x7F,0x00,0x20,0x20,0x27,0x20,0x18,0x17,0x10,0x10,0x10,0x00,0x00,"位",//4*/
 250          
 251          0x00,0x40,0x44,0x24,0x74,0x5C,0x52,0xD2,0x2A,0x2A,0x3A,0x82,0x02,0x00,0x00,0x00,
 252          0x00,0x20,0x12,0x0A,0x05,0x13,0x20,0x7F,0x01,0x02,0x05,0x08,0x10,0x10,0x10,0x00,"泵",//5*/
 253          
 254          0x00,0x20,0x20,0xFF,0x90,0x00,0x30,0x90,0x70,0x09,0x0A,0x48,0x98,0x08,0x00,0x00,
 255          0x02,0x02,0x21,0x7F,0x00,0x20,0x21,0x22,0x22,0x3E,0x11,0x11,0x10,0x10,0x10,0x00,"控",//6*/
 256          
 257          0x00,0xA0,0x98,0x96,0x90,0xFF,0x48,0x48,0x40,0x00,0xF8,0x00,0xFF,0x00,0x00,0x00,
 258          0x00,0x00,0x1E,0x02,0x02,0x7F,0x09,0x11,0x0F,0x00,0x13,0x20,0x7F,0x00,0x00,0x00,"制",//7*/
 259          
 260          0x00,0x00,0x00,0x7C,0x24,0x12,0xDE,0x80,0xBC,0xA4,0xD2,0x9E,0x80,0x00,0x00,0x00,
 261          0x08,0x09,0x05,0x7D,0x4B,0x25,0x3C,0x00,0x78,0x49,0x26,0x3C,0x04,0x04,0x04,0x00,"器",//8*/
 262          
 263          0x00,0x80,0x80,0x90,0x90,0x90,0x90,0xFF,0x88,0x48,0x48,0x48,0x40,0x00,0x00,0x00,
 264          0x20,0x10,0x10,0x08,0x04,0x02,0x01,0x7F,0x00,0x03,0x0C,0x10,0x10,0x10,0x00,0x00,"未",//9*/
 265          
 266          0x00,0x40,0x42,0x2C,0xE0,0x00,0x68,0x58,0x48,0xF7,0x24,0x24,0x04,0x00,0x00,0x00,
 267          0x00,0x08,0x08,0x1B,0x14,0x12,0x12,0x22,0x22,0x2F,0x41,0x41,0x41,0x40,0x40,0x00,"连",//10*/
 268          
 269          0x00,0x20,0x20,0xFF,0x90,0x50,0x88,0x98,0xE9,0x4A,0x68,0x5C,0x44,0x40,0x00,0x00,
 270          0x02,0x02,0x21,0x7F,0x00,0x42,0x4A,0x56,0x33,0x1A,0x26,0x42,0x42,0x02,0x00,0x00,"接",//11*/
 271          
 272          0x00,0x00,0x00,0x00,0x3C,0x54,0x54,0x54,0x4A,0x4A,0x4E,0x40,0x70,0x00,0x00,0x00,
 273          0x00,0x44,0x44,0x34,0x0C,0x03,0x02,0x02,0x02,0x7F,0x02,0x02,0x02,0x02,0x00,0x00,"异",//12*/
 274          
 275          0x00,0x10,0x90,0x90,0x50,0xD0,0x10,0x7F,0x88,0x09,0x8A,0x68,0x08,0x00,0x00,0x00,
 276          0x10,0x10,0x17,0x14,0x0A,0x2B,0x28,0x10,0x09,0x0E,0x11,0x20,0x3C,0x00,0x00,0x00,"或",//14*/
 277          
 278          0x00,0x04,0x04,0x04,0x04,0x84,0x44,0xB4,0x0C,0x02,0x82,0x82,0x02,0x02,0x00,0x00,
 279          0x04,0x04,0x02,0x02,0x01,0x00,0x00,0x3F,0x00,0x00,0x00,0x00,0x01,0x03,0x00,0x00,"不",//15*/
 280          
 281          0x00,0x00,0x00,0x00,0xBC,0x24,0x24,0xE4,0x12,0x12,0x9E,0x80,0x00,0x00,0x00,0x00,
 282          0x40,0x20,0x18,0x06,0x09,0x08,0x10,0x1F,0x21,0x21,0x40,0x40,0x40,0x40,0x00,0x00,"足",//16*/
 283          
 284          0x00,0x20,0x20,0xFF,0x90,0x10,0xC0,0x40,0x40,0xFF,0x20,0x20,0xE0,0x00,0x00,0x00,
 285          0x02,0x12,0x21,0x7F,0x00,0x00,0x7F,0x22,0x22,0x1F,0x11,0x11,0x3F,0x00,0x00,0x00,"抽",//17*/
 286          
 287          0x00,0x00,0xF0,0x10,0x10,0x10,0x10,0xFF,0x88,0x88,0x88,0x88,0xF8,0x00,0x00,0x00,
 288          0x00,0x00,0x03,0x01,0x01,0x01,0x01,0x7F,0x00,0x00,0x00,0x00,0x00,0x00,0x00,0x00,"中",//18*/
 289          
 290          0x00,0x40,0x42,0xCC,0x00,0x40,0x44,0x54,0x54,0xBF,0xAA,0xAA,0x20,0x20,0x00,0x00,
 291          0x00,0x00,0x00,0x1F,0x08,0x00,0x7F,0x15,0x15,0x0A,0x2A,0x7F,0x00,0x00,0x00,0x00,"请",//19*/
 292          
 293          0x00,0x20,0x20,0xFF,0x90,0x10,0x18,0x08,0xC8,0xB9,0x86,0x84,0x8C,0x84,0x80,0x00,
 294          0x02,0x12,0x21,0x7F,0x00,0x41,0x41,0x27,0x28,0x10,0x1C,0x23,0x40,0x00,0x00,0x00,"按",//20*/
 295          
 296          0x00,0x00,0x00,0x00,0xF8,0x48,0x48,0x49,0x4A,0x24,0x24,0x3C,0x00,0x00,0x00,0x00,
 297          0x40,0x20,0x18,0x07,0x00,0x7E,0x22,0x22,0x22,0x11,0x11,0x1F,0x00,0x00,0x00,0x00,"启",//21*/
 298          
 299          0x80,0x40,0xF0,0x0C,0x03,0x04,0x74,0x54,0x55,0xAA,0xBA,0x82,0x82,0x80,0x00,0x00,
 300          0x00,0x00,0x7F,0x00,0x03,0x01,0x05,0x15,0x25,0x7C,0x02,0x02,0x01,0x00,0x00,0x00,"停",//22*/
 301          
 302          0x20,0x50,0xCC,0x2B,0x08,0xD0,0xB0,0x80,0xA8,0xFF,0x54,0x54,0x7C,0x10,0x00,0x00,
C51 COMPILER V9.60.0.0   FONT                                                              06/01/2021 22:07:01 PAGE 6   

 303          0x00,0x02,0x1F,0x49,0x20,0x14,0x0E,0x11,0x14,0x3F,0x25,0x45,0x41,0x40,0x00,0x00,"键",//23*/
 304          
 305          
 306          0x00,0x00,0x18,0x08,0x48,0x98,0x28,0x09,0xF6,0x04,0x04,0x04,0x0C,0x04,0x00,0x00,
 307          0x00,0x40,0x42,0x42,0x22,0x22,0x12,0x0E,0x01,0x11,0x11,0x21,0x61,0x01,0x00,0x00,"实",//0*/
 308          
 309          0x00,0x00,0xF0,0x90,0x88,0xF8,0x40,0x40,0x40,0x40,0x40,0xFF,0x20,0x20,0x00,0x00,
 310          0x00,0x00,0x1F,0x08,0x08,0x0F,0x00,0x01,0x06,0x10,0x20,0x7F,0x00,0x00,0x00,0x00,"时",//1*/
 311          
 312          0x00,0x20,0x42,0x84,0x00,0xFC,0x04,0xF2,0x02,0xFE,0x00,0xF8,0x00,0xFF,0x00,0x00,
 313          0x08,0x18,0x06,0x41,0x20,0x13,0x0C,0x03,0x04,0x1B,0x00,0x13,0x20,0x7F,0x00,0x00,"测",//2*/
 314          
 315          0x00,0x00,0xBC,0x24,0xF2,0x9E,0x80,0xFC,0x24,0x24,0x12,0x12,0xF2,0x02,0x00,0x00,
 316          0x00,0x10,0x1F,0x10,0x0F,0x08,0x08,0x3F,0x22,0x22,0x21,0x11,0x11,0x10,0x00,0x00,"距",//3*/
 317          
 318          0x40,0x40,0x42,0xCC,0x00,0x40,0x20,0x1C,0x84,0x82,0x9E,0x20,0x20,0x20,0x00,0x00,
 319          0x00,0x00,0x00,0x1F,0x08,0x44,0x21,0x15,0x08,0x16,0x21,0x20,0x40,0x40,0x40,0x00,"设",//4*/
 320          
 321          0x00,0x20,0x2E,0x2A,0xAA,0xAE,0xAA,0x7A,0x56,0x55,0xD5,0x17,0x10,0x00,0x00,0x00,
 322          0x00,0x40,0x40,0x40,0x7F,0x55,0x55,0x55,0x55,0x40,0x3F,0x20,0x20,0x20,0x00,0x00,"置",//5*/
 323          
 324          0x00,0x20,0xA0,0xFF,0x50,0x90,0xE8,0xBF,0x94,0x54,0x5C,0xF7,0x04,0x04,0x00,0x00,
 325          0x04,0x03,0x00,0x7F,0x00,0x48,0x2B,0x1A,0x0A,0x07,0x0D,0x15,0x64,0x44,0x40,0x00,"模",//6*/
 326          
 327          0x00,0x00,0x20,0x20,0x20,0x20,0xA0,0xBF,0xE0,0x12,0x14,0x10,0x10,0x00,0x00,0x00,
 328          0x00,0x20,0x20,0x11,0x11,0x0F,0x08,0x08,0x01,0x06,0x08,0x10,0x20,0x78,0x00,0x00,"式",//7*/
 329          
 330          0x00,0x00,0x00,0x24,0x24,0x24,0x24,0xFC,0x92,0x92,0x91,0x90,0x80,0x80,0x00,0x00,
 331          0x00,0x01,0x01,0x01,0x01,0x11,0x21,0x7F,0x00,0x00,0x00,0x00,0x00,0x00,0x00,0x00,"手",//8*/
 332          
 333          0x00,0x00,0x00,0xF0,0x90,0x9C,0x93,0x48,0x48,0x08,0xF8,0x00,0x00,0x00,0x00,0x00,
 334          0x00,0x00,0x00,0x7F,0x24,0x24,0x24,0x22,0x12,0x10,0x3F,0x00,0x00,0x00,0x00,0x00,"自",//9*/
 335          
 336          0x00,0x40,0x40,0xC8,0x28,0x24,0x24,0x00,0x20,0xA0,0x7F,0x10,0xF0,0x00,0x00,0x00,
 337          0x00,0x00,0x0E,0x09,0x04,0x45,0x26,0x18,0x06,0x11,0x20,0x18,0x07,0x00,0x00,0x00,"动",//10*/
 338          
 339          0x00,0x04,0x04,0x04,0x74,0x54,0x55,0xAA,0xAA,0xBA,0x82,0x82,0x82,0x02,0x00,0x00,
 340          0x00,0x00,0x7F,0x01,0x01,0x1D,0x15,0x12,0x0A,0x0E,0x20,0x40,0x3F,0x00,0x00,0x00,"高",//0*/
 341          
 342          0x00,0x10,0x10,0x90,0x52,0x54,0x50,0xD0,0x0C,0xCB,0x08,0xE8,0x08,0x08,0x00,0x00,
 343          0x00,0x00,0x00,0x7F,0x05,0x05,0x20,0x7F,0x00,0x0F,0x20,0x7F,0x00,0x00,0x00,0x00,"前",//1*/
 344          
 345          0x00,0x20,0x20,0xFF,0x90,0x50,0x00,0x7E,0x2A,0x2A,0x91,0x9F,0x80,0x00,0x00,0x00,
 346          0x02,0x12,0x21,0x7F,0x40,0x31,0x0F,0x09,0x11,0x1F,0x22,0x22,0x40,0x40,0x40,0x00,"提",//2*/
 347          
 348          0x00,0xE4,0x3C,0xE4,0x1C,0xF2,0x02,0x00,0x7C,0x54,0xD4,0x22,0x3E,0x00,0x00,0x00,
 349          0x00,0x3F,0x25,0x14,0x11,0x3F,0x00,0x44,0x4B,0x4A,0x3F,0x25,0x25,0x20,0x00,0x00,"醒",//3*/
 350          
 351          0x00,0x20,0xA0,0xFF,0x50,0x90,0x40,0x70,0x4F,0x48,0x50,0x20,0x40,0x40,0x00,0x00,
 352          0x04,0x02,0x01,0x7F,0x00,0x00,0x42,0x4C,0x41,0x26,0x38,0x27,0x20,0x20,0x00,0x00,"检",//4*/
 353          
 354          0x00,0x20,0x42,0x84,0x00,0xFC,0x04,0xF2,0x02,0xFE,0x00,0xF8,0x00,0xFF,0x00,0x00,
 355          0x08,0x18,0x06,0x41,0x20,0x13,0x0C,0x03,0x04,0x1B,0x00,0x13,0x20,0x7F,0x00,0x00,"测",//5*/
 356          
 357          0x00,0x00,0x00,0x20,0x21,0x26,0xE0,0x90,0x9C,0x93,0x90,0x90,0x80,0x00,0x00,0x00,
 358          0x00,0x41,0x41,0x21,0x11,0x0D,0x03,0x02,0x04,0x08,0x10,0x20,0x20,0x00,0x00,0x00,"关",//6*/
 359          
 360          0x00,0x80,0x80,0x80,0x84,0x84,0x84,0xFC,0x42,0x42,0x42,0x42,0x40,0x40,0x00,0x00,
 361          0x00,0x00,0x00,0x00,0x00,0x10,0x20,0x7F,0x00,0x00,0x00,0x00,0x00,0x00,0x00,0x00,"于",//7*/
 362          
 363          0x00,0x80,0x84,0x58,0xC0,0x00,0x00,0xFC,0x54,0x54,0x2A,0x3E,0x80,0x00,0x00,0x00,
 364          0x10,0x10,0x10,0x13,0x1C,0x20,0x20,0x2F,0x24,0x41,0x42,0x4D,0x40,0x40,0x00,0x00,"退",//8*/
C51 COMPILER V9.60.0.0   FONT                                                              06/01/2021 22:07:01 PAGE 7   

 365          
 366          0x00,0x00,0x00,0xF8,0x80,0x80,0x80,0xFF,0x40,0x40,0x40,0x7C,0x00,0x00,0x00,0x00,
 367          0x00,0x00,0x7C,0x40,0x40,0x40,0x40,0x3F,0x20,0x20,0x20,0x20,0x7E,0x00,0x00,0x00,"出",//9*/
 368          
 369          0x00,0x04,0x04,0x04,0x04,0x04,0xFC,0x02,0x42,0x42,0x82,0x82,0x02,0x02,0x00,0x00,
 370          0x00,0x00,0x00,0x00,0x00,0x00,0x7F,0x00,0x00,0x00,0x00,0x00,0x01,0x00,0x00,0x00,"下",//10*/
 371          
 372          0x00,0x00,0x00,0x00,0x00,0x00,0x00,0x80,0x80,0x80,0x80,0x80,0x80,0x80,0x00,0x00,
 373          0x00,0x01,0x01,0x01,0x01,0x01,0x01,0x00,0x00,0x00,0x00,0x00,0x00,0x00,0x00,0x00,"一",//11*/
 374          
 375          0x00,0x08,0x08,0xF8,0x04,0x04,0x02,0xE2,0x22,0xDE,0x11,0x11,0xF1,0x01,0x00,0x00,
 376          0x04,0x04,0x04,0x03,0x42,0x42,0x21,0x27,0x18,0x07,0x10,0x10,0x27,0x60,0x00,0x00,"项",//12*/
 377          
 378          0x00,0x80,0x80,0x84,0x84,0xFC,0x42,0x42,0x42,0xFE,0x42,0x42,0x40,0x40,0x00,0x00,
 379          0x00,0x40,0x20,0x10,0x0C,0x03,0x00,0x00,0x00,0x7F,0x00,0x00,0x00,0x00,0x00,0x00,"开",//0*/
 380          
 381          0x00,0x48,0x48,0xFC,0xA4,0x22,0x20,0xC0,0x30,0x00,0xFF,0x00,0x90,0x20,0x40,0x00,
 382          0x04,0x02,0x01,0x7F,0x00,0x41,0x21,0x20,0x10,0x08,0x07,0x02,0x01,0x00,0x00,0x00,"秒",//0*/
 383          
 384          0x00,0x20,0x20,0xA0,0xBE,0xAA,0xAA,0xA5,0x55,0x55,0xDF,0x10,0x10,0x10,0x00,0x00,
 385          0x00,0x00,0x40,0x4F,0x48,0x4A,0x4A,0x3F,0x25,0x25,0x27,0x20,0x20,0x00,0x00,0x00,"量",//0
 386          
 387          0x00,0x20,0xA2,0x1C,0x10,0xD0,0x80,0xBC,0xA0,0x9F,0x50,0x50,0x5E,0x40,0x00,0x00,
 388          0x00,0x08,0x09,0x04,0x07,0x02,0x7E,0x02,0x3E,0x01,0x3F,0x01,0x21,0x7F,0x00,0x00,"端",//1
 389          
 390          0x00,0x00,0x00,0xF4,0x44,0x44,0x44,0x22,0x22,0x3E,0x00,0x00,0x00,0x00,0x00,0x00,
 391          0x00,0x00,0x00,0x1F,0x20,0x20,0x20,0x20,0x20,0x20,0x20,0x20,0x3C,0x00,0x00,0x00,"已",//2
 392          
 393          0x00,0x04,0x04,0x04,0xC4,0x44,0x24,0xE4,0x04,0x04,0xFC,0x02,0x02,0x02,0x00,0x00,
 394          0x00,0x00,0x00,0x00,0x03,0x02,0x01,0x01,0x00,0x20,0x7F,0x00,0x00,0x00,0x00,0x00,"可",//3
 395          
 396          0x40,0x20,0xF0,0x0C,0x03,0xD0,0x50,0x50,0xFF,0x28,0x28,0xE8,0x08,0x00,0x00,0x00,
 397          0x00,0x00,0x7F,0x00,0x40,0x23,0x16,0x0A,0x17,0x11,0x21,0x21,0x40,0x40,0x40,0x00,"使",//4
 398          
 399          0x00,0x00,0x00,0xFC,0x04,0x24,0x24,0xFC,0x92,0x92,0x02,0xFE,0x00,0x00,0x00,0x00,
 400          0x40,0x30,0x0E,0x01,0x00,0x01,0x01,0x3F,0x00,0x00,0x20,0x7F,0x00,0x00,0x00,0x00,"用",//5
 401          
 402          0x00,0x00,0x00,0xE0,0x00,0x00,0x00,0xFF,0x80,0x80,0x40,0x40,0x00,0x00,0x00,0x00,
 403          0x40,0x40,0x40,0x7F,0x40,0x40,0x40,0x3F,0x20,0x20,0x20,0x20,0x20,0x20,0x00,0x00,"止",
 404          
 405          };
 406            
 407          unsigned int font_Size(void)//自动统计字库汉字数目
 408          {
 409   1        
 410   1        return sizeof(tfont16)/sizeof(typFNT_GB16);
 411   1        
 412   1      }
 413          //unsigned char code BMP1[] =
 414          //{
 415          //0x00,0x00,0x00,0x00,0x00,0x00,0x00,0x00,0x00,0x00,0x00,0x00,0x00,0x00,0x00,0x00,
 416          //0x00,0x00,0x00,0x00,0x00,0x00,0x00,0x00,0x00,0x00,0x00,0x00,0x00,0x00,0x00,0x00,
 417          //0x00,0x00,0x00,0x00,0x00,0x00,0x00,0x00,0x00,0x00,0x00,0x00,0x00,0x00,0x00,0x00,
 418          //0x00,0x00,0x00,0x00,0x00,0x00,0x00,0x80,0xC0,0xC0,0x40,0x20,0xF0,0xF8,0xD8,0xD8,
 419          //0xF8,0xF0,0x20,0x40,0x40,0xC0,0x80,0x00,0x00,0x00,0x00,0x00,0x00,0x00,0x00,0x00,
 420          //0x00,0x00,0x00,0x00,0x00,0x00,0x00,0x00,0x00,0x00,0x00,0x00,0x00,0x00,0x00,0x00,
 421          //0x00,0x00,0x00,0x00,0x00,0x00,0x00,0x00,0x00,0x00,0x00,0x00,0x00,0x00,0x00,0x00,
 422          //0x00,0x00,0x00,0x00,0x00,0x00,0x00,0x00,0x00,0x00,0x00,0x00,0x00,0x00,0x00,0x00,
 423          //0x00,0x00,0x00,0x00,0x00,0x00,0x00,0x00,0x00,0x00,0x00,0x00,0x00,0x00,0x00,0x00,
 424          //0x00,0x00,0x00,0x00,0x00,0x00,0x00,0x00,0x00,0x00,0x00,0x00,0x00,0x00,0x00,0x00,
 425          //0x00,0x00,0x00,0x00,0x00,0x00,0x00,0x00,0x00,0x80,0x80,0x00,0x00,0xA0,0xD7,0xD3,
 426          //0x20,0xF2,0x82,0x8F,0xBE,0xF9,0xF3,0xE5,0x1E,0x1E,0x0F,0x0F,0x03,0x03,0x03,0x83,
C51 COMPILER V9.60.0.0   FONT                                                              06/01/2021 22:07:01 PAGE 8   

 427          //0xC3,0x83,0x0F,0x0F,0x1E,0x3E,0xFD,0xFF,0xFB,0xF4,0xF4,0xFC,0xFC,0xD8,0xD0,0xB0,
 428          //0x60,0x60,0xC0,0x80,0x00,0x00,0x00,0x00,0x00,0x00,0x00,0x00,0x00,0x00,0x00,0x00,
 429          //0x00,0x00,0x00,0x00,0x00,0x00,0x00,0x00,0x00,0x00,0x00,0x00,0x00,0x00,0x00,0x00,
 430          //0x00,0x00,0x00,0x00,0x00,0x00,0x00,0x00,0x00,0x00,0x00,0x00,0x00,0x00,0x00,0x00,
 431          //0x00,0x00,0x00,0x00,0x00,0x00,0x00,0x00,0x00,0x00,0x00,0x00,0x00,0x00,0x00,0x00,
 432          //0x00,0x00,0x00,0x00,0x00,0x00,0x00,0x00,0x00,0x00,0x00,0x00,0x00,0x00,0x00,0x00,
 433          //0x00,0x00,0x00,0x00,0x00,0x00,0xFE,0x02,0xF9,0xFD,0xFD,0x1E,0x1E,0x0E,0x05,0x01,
 434          //0x01,0x07,0x07,0x8F,0x0F,0x0F,0x0F,0x0F,0x00,0x00,0x00,0x02,0x02,0x03,0x1F,0xFF,
 435          //0xFF,0xFF,0xFE,0xFC,0xE0,0xE0,0xF1,0xF1,0xF1,0xF9,0xF9,0xFD,0xFD,0xFF,0xFF,0xFF,
 436          //0x7F,0x7F,0x3F,0xFF,0xFD,0xF9,0x03,0xFE,0x00,0x00,0x00,0x00,0x00,0x00,0x00,0x00,
 437          //0x00,0x00,0x00,0x00,0x00,0x00,0x00,0x00,0x00,0x00,0x00,0x00,0x00,0x00,0x00,0x00,
 438          //0x00,0x00,0x00,0x00,0x00,0x00,0x00,0x00,0x00,0x00,0x00,0x00,0x00,0x00,0x00,0x00,
 439          //0x00,0x00,0x00,0x00,0x00,0x00,0x00,0x00,0x00,0x00,0x00,0x00,0x00,0x00,0x00,0x00,
 440          //0x00,0x00,0x00,0x00,0x00,0x00,0x00,0x00,0x00,0x00,0x00,0x00,0x00,0x00,0x00,0x00,
 441          //0x00,0x00,0x00,0x00,0x00,0x00,0xFF,0x00,0xFF,0xFF,0xFF,0x00,0x00,0x00,0x0E,0x0E,
 442          //0x1F,0x7F,0x7F,0xFF,0xFF,0x7C,0x7C,0x7C,0x7E,0x7E,0x3F,0x3F,0xBF,0x9F,0x9F,0x8F,
 443          //0x0F,0x0F,0x1F,0x7F,0x7F,0xFF,0xFF,0xFF,0xF3,0x81,0x01,0x01,0x00,0x00,0x00,0x00,
 444          //0x00,0x00,0x00,0xFF,0xFF,0xFF,0x00,0xFF,0x00,0x00,0x00,0x00,0x00,0x00,0x00,0x00,
 445          //0x00,0x00,0x00,0x00,0x00,0x00,0x00,0x00,0x00,0x00,0x00,0x00,0x00,0x00,0x00,0x00,
 446          //0x00,0x00,0x00,0x00,0x00,0x00,0x00,0x00,0x00,0x00,0x00,0x00,0x00,0x00,0x00,0x00,
 447          //0x00,0x00,0x00,0x00,0x00,0x00,0x00,0x00,0x00,0x00,0x00,0x00,0x00,0x00,0x00,0x00,
 448          //0x00,0x00,0x00,0x00,0x00,0x00,0x00,0x00,0x00,0x00,0x00,0x00,0x00,0x00,0x00,0x00,
 449          //0x00,0x00,0x00,0x00,0x00,0x00,0xFF,0x00,0xFF,0xFF,0xFF,0xF0,0xF8,0xF8,0xFE,0xFC,
 450          //0x78,0x00,0x80,0xC0,0xC0,0xF8,0xFC,0xF8,0x78,0x38,0x10,0x00,0x07,0x07,0x07,0x0F,
 451          //0x47,0xE0,0xF0,0xF0,0xF0,0xE1,0x0F,0x3F,0x7F,0xFF,0xFF,0xFE,0xF8,0xC0,0x80,0x00,
 452          //0xC0,0xE0,0xE8,0xFF,0xFF,0xFF,0x08,0xFF,0x00,0x00,0x00,0x00,0x00,0x00,0x00,0x00,
 453          //0x00,0x00,0x00,0x00,0x00,0x00,0x00,0x00,0x00,0x00,0x00,0x00,0x00,0x00,0x00,0x00,
 454          //0x00,0x00,0x00,0x00,0x00,0x00,0x00,0x00,0x00,0x00,0x00,0x00,0x00,0x00,0x00,0x00,
 455          //0x00,0x00,0x00,0x00,0x00,0x00,0x00,0x00,0x00,0x00,0x00,0x00,0x00,0x00,0x00,0x00,
 456          //0x00,0x00,0x00,0x00,0x00,0x00,0x00,0x00,0x00,0x00,0x00,0x00,0x00,0x00,0x00,0x00,
 457          //0x00,0x00,0x00,0x00,0x00,0x10,0xFF,0x86,0x3F,0x7F,0x7F,0xFF,0xFF,0xEF,0xE3,0xE1,
 458          //0xF8,0xFE,0xFF,0xFF,0xFF,0xFF,0xFF,0xFF,0xFC,0x7C,0x7C,0x7E,0x3E,0x3E,0x3E,0x1E,
 459          //0x1E,0x1F,0x1F,0x1F,0x1F,0x1F,0x3F,0x3E,0x3C,0x23,0x0F,0x1F,0x3F,0xFF,0xFF,0xFE,
 460          //0xFF,0xFF,0xFF,0x7F,0x7F,0xBF,0x80,0xFF,0x40,0x00,0x00,0x00,0x00,0x00,0x00,0x00,
 461          //0x00,0x00,0x00,0x00,0x00,0x00,0x00,0x00,0x00,0x00,0x00,0x00,0x00,0x00,0x00,0x00,
 462          //0x00,0x00,0x00,0x00,0x00,0x00,0x00,0x00,0x00,0x00,0x00,0x00,0x00,0x00,0x00,0x00,
 463          //0x00,0x00,0x00,0x00,0x00,0x00,0x00,0x00,0x00,0x00,0x00,0x00,0x00,0x00,0x00,0x00,
 464          //0x00,0x00,0x00,0x00,0x00,0x00,0x00,0x00,0x00,0x00,0x00,0x00,0x00,0x00,0x00,0x00,
 465          //0x00,0x00,0x00,0x00,0x00,0x00,0x00,0x01,0x01,0x01,0x02,0x07,0x07,0x0F,0x1F,0x1F,
 466          //0x1F,0x6F,0x7F,0xDF,0xDF,0xBD,0x39,0x78,0xF0,0xE0,0xE0,0xE0,0xC0,0x80,0x80,0x00,
 467          //0x80,0xC0,0xE0,0xE0,0xE0,0xF0,0x78,0x78,0xBC,0xDE,0xDE,0x7E,0x6F,0x37,0x1B,0x19,
 468          //0x0D,0x07,0x07,0x02,0x01,0x01,0x01,0x00,0x00,0x00,0x00,0x00,0x00,0x00,0x00,0x00,
 469          //0x00,0x00,0x00,0x00,0x00,0x00,0x00,0x00,0x00,0x00,0x00,0x00,0x00,0x00,0x00,0x00,
 470          //0x00,0x00,0x00,0x00,0x00,0x00,0x00,0x00,0x00,0x00,0x00,0x00,0x00,0x00,0x00,0x00,
 471          //0x00,0x00,0x00,0x00,0x00,0x00,0x00,0x00,0x00,0x00,0x00,0x00,0x00,0x00,0x00,0x00,
 472          //0x00,0x00,0x00,0x00,0x00,0x00,0x00,0x00,0x00,0x00,0x00,0x00,0x00,0x00,0x00,0x00,
 473          //0x00,0x00,0x00,0x00,0x00,0x00,0x00,0x00,0x00,0x00,0x00,0x00,0x00,0x00,0x00,0x00,
 474          //0x00,0x00,0x00,0x00,0x00,0x01,0x01,0x03,0x06,0x06,0x0D,0x09,0x13,0x17,0x3F,0x37,
 475          //0x17,0x13,0x09,0x0C,0x06,0x06,0x03,0x01,0x01,0x00,0x00,0x00,0x00,0x00,0x00,0x00,
 476          //0x00,0x00,0x00,0x00,0x00,0x00,0x00,0x00,0x00,0x00,0x00,0x00,0x00,0x00,0x00,0x00,
 477          //0x00,0x00,0x00,0x00,0x00,0x00,0x00,0x00,0x00,0x00,0x00,0x00,0x00,0x00,0x00,0x00,
 478          //0x00,0x00,0x00,0x00,0x00,0x00,0x00,0x00,0x00,0x00,0x00,0x00,0x00,0x00,0x00,0x00
 479          //};
 480          //unsigned char code BMP2[] =
 481          //{
 482          //0x00,0x00,0x00,0x00,0x00,0x00,0x00,0x00,0x00,0x00,0x00,0x00,0x00,0x00,0x00,0x00,
 483          //0x00,0x00,0x00,0x00,0x00,0x00,0x00,0x00,0x00,0x00,0x00,0x00,0x00,0x00,0x00,0x00,
 484          //0x00,0x00,0x00,0x00,0x00,0x00,0x00,0x00,0x00,0x00,0x00,0x00,0x00,0x00,0x00,0x00,
 485          //0x00,0x00,0x00,0x00,0x00,0x00,0x00,0x00,0x00,0x00,0x00,0x00,0x00,0x00,0x00,0x00,
 486          //0x00,0x00,0x00,0x00,0x00,0x00,0x00,0x00,0x00,0x00,0x00,0x00,0x00,0x00,0x00,0x00,
 487          //0x00,0x00,0x00,0x00,0x00,0x00,0x00,0x00,0x00,0x00,0x00,0x00,0x00,0x00,0x00,0x00,
 488          //0x00,0x00,0x00,0x00,0x00,0x00,0x00,0x00,0x00,0x00,0x00,0x00,0x00,0x00,0x00,0x00,
C51 COMPILER V9.60.0.0   FONT                                                              06/01/2021 22:07:01 PAGE 9   

 489          //0x00,0x00,0x00,0x00,0x00,0x00,0x00,0x00,0x00,0x00,0x00,0x00,0x00,0x00,0x00,0x00,
 490          //0x00,0x00,0x00,0xE0,0xF0,0xE0,0xE0,0xF0,0xF0,0xF0,0xF8,0xF8,0xF8,0xF8,0xF8,0xF8,
 491          //0xF8,0xF8,0xF0,0xE0,0xE0,0xE0,0xE0,0xE0,0xE0,0xE0,0xE0,0xE0,0xE0,0xE0,0xE0,0xE0,
 492          //0xE0,0xF0,0xE0,0x60,0x00,0x00,0xE0,0xE0,0xE0,0xF0,0xF0,0xF0,0xF8,0xF8,0xF8,0xF8,
 493          //0xF8,0xF8,0xF8,0xF0,0xE0,0xE0,0xE0,0xE0,0xE0,0xF0,0xF0,0xF8,0xF8,0xF8,0xF8,0xF8,
 494          //0xF8,0xF8,0xF0,0xF0,0xE0,0xE0,0xE0,0x00,0x00,0x00,0x00,0x00,0x00,0x00,0x00,0x00,
 495          //0x00,0x00,0x00,0x00,0x00,0x00,0x00,0x00,0x00,0x00,0x00,0x00,0x00,0x00,0x00,0xF0,
 496          //0xE0,0xE0,0xE0,0xE0,0xF0,0xF0,0xF0,0xE0,0xF0,0xF8,0xF8,0xF8,0xF8,0xF8,0xF8,0xF8,
 497          //0xF0,0xE0,0xE0,0xE0,0xE0,0xE0,0xE0,0xE0,0xF0,0xF0,0xE0,0x00,0x00,0x00,0x00,0x00,
 498          //0x00,0x00,0x00,0xF8,0xFC,0xFF,0xFF,0xFF,0xFF,0xFF,0xFF,0xFF,0xFF,0x7D,0x79,0x79,
 499          //0x79,0x79,0x79,0x79,0x79,0x79,0x79,0x79,0x79,0x39,0x3D,0x7D,0xF9,0xF9,0xFC,0xFC,
 500          //0xFC,0xF8,0xF8,0x00,0x00,0x00,0x00,0x18,0xF8,0xFD,0xFF,0xFF,0x3F,0x3F,0x07,0x03,
 501          //0x93,0xFD,0xFC,0xFC,0xFC,0xFC,0xF9,0xF9,0xF9,0x79,0x39,0x7B,0x7F,0x7F,0x3F,0xFF,
 502          //0xFF,0xFF,0xFF,0xFD,0xF8,0xF8,0x00,0x00,0x00,0x00,0x00,0x00,0x00,0x00,0x00,0x80,
 503          //0xC0,0xE0,0xE0,0xE0,0xE0,0xC0,0x00,0x00,0x00,0x00,0x00,0x00,0x00,0x00,0x08,0x3F,
 504          //0x7F,0x7F,0x7F,0x7F,0x7F,0x7F,0x7F,0x3F,0x7F,0xFF,0xFF,0xFF,0xFF,0xFF,0xFF,0xFF,
 505          //0xFF,0x7D,0x7F,0x7F,0x7F,0x7F,0x7F,0x7F,0x7F,0x7F,0x3F,0x00,0x00,0x00,0x00,0x00,
 506          //0x00,0x00,0x00,0x07,0x0F,0x0F,0xFF,0xFF,0xFF,0xFF,0xFF,0xFF,0xFF,0xDF,0xDE,0xDE,
 507          //0xDE,0xDE,0xDE,0xDE,0xDE,0x9E,0x9E,0x9E,0x9E,0x9E,0xFE,0xFF,0xFF,0xFF,0xFF,0xFF,
 508          //0xFF,0xFF,0xFF,0x00,0x00,0x00,0x00,0xFF,0xFF,0xFF,0xFF,0xFF,0xFF,0xFF,0xFC,0x00,
 509          //0xFF,0xFF,0xFF,0xFF,0xFF,0xFF,0xFF,0xFF,0xFF,0x00,0x00,0x00,0x20,0xE0,0xE0,0xFF,
 510          //0xFF,0xFF,0xFF,0xFF,0x7F,0x3F,0x00,0x00,0x00,0x00,0x00,0x00,0x00,0x00,0x00,0x01,
 511          //0x07,0x07,0x0F,0x0F,0x0F,0x0F,0x03,0x00,0x00,0x00,0x00,0x00,0x00,0x00,0xF8,0xFE,
 512          //0xFE,0xFE,0xFE,0xFE,0xFE,0xFE,0xFE,0x9E,0xFF,0xFF,0xFF,0xFF,0xFF,0xFF,0xFF,0xFF,
 513          //0xFF,0x8E,0xFE,0xFE,0xFE,0xFE,0xFE,0xFE,0xFE,0xFE,0xFE,0x00,0x00,0x00,0x00,0x00,
 514          //0x00,0x00,0x00,0x00,0x00,0x10,0x3F,0x3F,0x3F,0x3F,0x3F,0x3F,0x1F,0x07,0x07,0x07,
 515          //0x07,0x07,0x07,0x07,0x07,0x07,0x07,0x07,0x07,0x07,0x07,0x1F,0x3F,0x3F,0x3F,0x3F,
 516          //0x3F,0x1F,0x1F,0x00,0x00,0x00,0x00,0x1F,0x3F,0x3F,0x3F,0x3F,0x3F,0x3F,0x0F,0x00,
 517          //0x07,0x3F,0x3F,0x3F,0x3F,0x3F,0x3F,0x3F,0x3F,0x3C,0x3C,0x3C,0x3C,0x3C,0x3C,0x3C,
 518          //0x3C,0x3C,0x3C,0x3C,0x3C,0x1C,0x1C,0x00,0x00,0x00,0x00,0x00,0x00,0x00,0x00,0x00,
 519          //0x00,0x00,0x00,0x00,0x00,0x00,0x00,0x00,0x00,0x00,0x00,0x00,0x00,0x00,0x00,0x03,
 520          //0x03,0x03,0x07,0x07,0x07,0x07,0x07,0x03,0x07,0x1F,0x3F,0x3F,0x3F,0x3F,0x3F,0x1F,
 521          //0x07,0x03,0x03,0x07,0x07,0x07,0x07,0x07,0x07,0x03,0x01,0x00,0x00,0x00,0x00,0x00,
 522          //0x00,0x00,0x00,0x06,0x0E,0x07,0x07,0xFF,0xFF,0xFF,0x0F,0x0F,0x07,0x07,0x07,0x00,
 523          //0x80,0xFC,0xFE,0xFF,0xFF,0xE7,0x67,0xE7,0xE7,0x67,0x67,0x07,0x07,0x06,0x00,0xF0,
 524          //0xFF,0xFF,0x00,0x00,0x00,0x7E,0x7F,0x7F,0xE0,0xE0,0xE0,0xE0,0xE0,0xE0,0x70,0x7F,
 525          //0x7F,0x0E,0x00,0xC0,0xFC,0xFE,0x1F,0x07,0x07,0x07,0x07,0x07,0x87,0xFF,0xFF,0x7E,
 526          //0x00,0x00,0xC0,0xFF,0xFF,0x1F,0x00,0x00,0x00,0x00,0x00,0xC0,0xFE,0xFF,0x0E,0x00,
 527          //0x00,0xF0,0xFE,0xFF,0xFF,0xEF,0xE7,0xE7,0xE7,0xE7,0x67,0x07,0x07,0x06,0x02,0xD0,
 528          //0xFF,0xFE,0x08,0x00,0x00,0x00,0x00,0x00,0x80,0xFC,0xFF,0x0F,0x00,0x00,0xF0,0xFE,
 529          //0x7F,0x3F,0x3E,0xFC,0xF0,0xC0,0x80,0x80,0xFE,0xFF,0x7E,0x00,0x00,0x00,0x00,0x00,
 530          //0x00,0x00,0x00,0x00,0x00,0x00,0x0C,0x0F,0x0F,0x01,0x00,0x00,0x00,0x00,0x00,0x00,
 531          //0x0F,0x0F,0x0F,0x0F,0x0F,0x0E,0x0E,0x0E,0x0E,0x0E,0x0E,0x06,0x00,0x00,0x0F,0x0F,
 532          //0x0F,0x00,0x00,0x00,0x00,0x00,0x00,0x00,0x06,0x0F,0x0F,0x07,0x02,0x00,0x00,0x00,
 533          //0x00,0x00,0x00,0x0F,0x0F,0x0F,0x0E,0x0E,0x0E,0x0E,0x0E,0x0E,0x0F,0x0F,0x0F,0x00,
 534          //0x00,0x00,0x0F,0x0F,0x0F,0x0F,0x0E,0x0E,0x0E,0x0E,0x0F,0x0F,0x0F,0x03,0x00,0x00,
 535          //0x04,0x0F,0x0F,0x01,0x00,0x00,0x00,0x00,0x00,0x00,0x00,0x00,0x00,0x00,0x07,0x0F,
 536          //0x0F,0x0F,0x0E,0x0E,0x0E,0x0E,0x0E,0x0E,0x0F,0x0F,0x07,0x00,0x00,0x08,0x0F,0x0F,
 537          //0x00,0x00,0x00,0x00,0x03,0x0F,0x0F,0x0F,0x0F,0x01,0x00,0x00,0x00,0x00,0x00,0x00,
 538          //0x00,0x00,0x00,0x00,0x00,0x00,0x00,0x00,0x00,0x00,0x00,0x00,0x00,0x00,0x00,0x00,
 539          //0x00,0x00,0x00,0x00,0x00,0x00,0x00,0x00,0x00,0x00,0x00,0x00,0x00,0x00,0x00,0x00,
 540          //0x00,0x00,0x00,0x00,0x00,0x00,0x00,0x00,0x00,0x00,0x00,0x00,0x00,0x00,0x00,0x00,
 541          //0x00,0x00,0x00,0x00,0x00,0x00,0x00,0x00,0x00,0x00,0x00,0x00,0x00,0x00,0x00,0x00,
 542          //0x00,0x00,0x00,0x00,0x00,0x00,0x00,0x00,0x00,0x00,0x00,0x00,0x00,0x00,0x00,0x00,
 543          //0x00,0x00,0x00,0x00,0x00,0x00,0x00,0x00,0x00,0x00,0x00,0x00,0x00,0x00,0x00,0x00,
 544          //0x00,0x00,0x00,0x00,0x00,0x00,0x00,0x00,0x00,0x00,0x00,0x00,0x00,0x00,0x00,0x00,
 545          //0x00,0x00,0x00,0x00,0x00,0x00,0x00,0x00,0x00,0x00,0x00,0x00,0x00,0x00,0x00,0x00,
 546          //};


MODULE INFORMATION:   STATIC OVERLAYABLE
   CODE SIZE        =      5    ----
C51 COMPILER V9.60.0.0   FONT                                                              06/01/2021 22:07:01 PAGE 10  

   CONSTANT SIZE    =   4214    ----
   XDATA SIZE       =   ----    ----
   PDATA SIZE       =   ----    ----
   DATA SIZE        =   ----    ----
   IDATA SIZE       =   ----    ----
   BIT SIZE         =   ----    ----
   EDATA SIZE       =   ----    ----
   HDATA SIZE       =   ----    ----
   XDATA CONST SIZE =   ----    ----
   FAR CONST SIZE   =   ----    ----
END OF MODULE INFORMATION.


C51 COMPILATION COMPLETE.  0 WARNING(S),  0 ERROR(S)
