C51 COMPILER V9.60.0.0   I2C                                                               06/01/2021 22:07:00 PAGE 1   


C51 COMPILER V9.60.0.0, COMPILATION OF MODULE I2C
OBJECT MODULE PLACED IN .\Objects\I2C.obj
COMPILER INVOKED BY: C:\Keil_v5\C51\BIN\C51.EXE User_DSP\I2C.c LARGE OMF2 OPTIMIZE(8,SPEED) BROWSE INCDIR(..\STC8_I2C_OL
                    -ED_Example;.\OLED_DSP;.\User_DSP;.\Common;.\Main) DEBUG PRINT(.\Listings\I2C.lst) TABS(2) OBJECT(.\Objects\I2C.obj)

line level    source

   1          
   2          #include <stc8fxx.h>
   3          #include "Function_Define.h"
   4          #include "intrins.h"
   5          #include "i2c.h"
   6          
   7          sbit  SDA=P1^4;
   8          sbit  SCL=P1^5;
   9          
  10          void I2C_Init(void)
  11          {
  12   1        I2CCFG|=SET_BIT7;//使能I2C功能
  13   1        I2CCFG|=SET_BIT6;//使能I2C主模式
  14   1        I2CCFG&=0xc0;
  15   1        I2CCFG|=0x08;//I2C 频率400KHZ
  16   1        I2CMSST = 0x00; //清除I2C总线忙碌标志
  17   1      }
  18          
  19          void Wait(void)
  20          {
  21   1          while (!(I2CMSST & 0x40));
  22   1          I2CMSST &= ~0x40;
  23   1      }
  24          
  25          void I2C_Start(void)
  26          {
  27   1          I2CMSCR = 0x01;                             //发送START命令
  28   1          Wait();
  29   1      }
  30          
  31          void SendData(char dat)
  32          {
  33   1         I2CTXD = dat;                               //写数据到数据缓冲区
  34   1         I2CMSCR = 0x02;                             //发送SEND命令
  35   1         Wait();
  36   1      }
  37          
  38          void RecvACK(void)
  39          {
  40   1          I2CMSCR = 0x03;                             //发送读ACK命令
  41   1          Wait();
  42   1      }
  43          
  44          char RecvData(void)
  45          {
  46   1          I2CMSCR = 0x04;                             //发送RECV命令
  47   1          Wait();
  48   1          return I2CRXD;
  49   1      }
  50          
  51          void SendACK(void)
  52          {
  53   1          I2CMSST = 0x00;                             //设置ACK信号
  54   1          I2CMSCR = 0x05;                             //发送ACK命令
C51 COMPILER V9.60.0.0   I2C                                                               06/01/2021 22:07:00 PAGE 2   

  55   1          Wait();
  56   1      }
  57          
  58          void SendNAK(void)
  59          {
  60   1          I2CMSST = 0x01;                             //设置NAK信号
  61   1          I2CMSCR = 0x05;                             //发送ACK命令
  62   1          Wait();
  63   1      }
  64          
  65          void I2C_Stop(void)
  66          {
  67   1          I2CMSCR = 0x06;                             //发送STOP命令
  68   1          Wait();
  69   1      }
  70          
  71          void Delay(void)
  72          {
  73   1          int i;
  74   1      
  75   1          for (i=0; i<3000; i++)
  76   1          {
  77   2              _nop_();
  78   2              _nop_();
  79   2              _nop_();
  80   2              _nop_();
  81   2          }
  82   1      }
  83          
  84          void I2C_SendDAdr(uint8_t Add)
  85          {
  86   1        SendData(Add);
  87   1        RecvACK();
  88   1      }
  89            
  90          void I2C_SendDat(uint8_t u8DAT)
  91          {
  92   1        SendData(u8DAT);
  93   1        RecvACK();
  94   1      }


MODULE INFORMATION:   STATIC OVERLAYABLE
   CODE SIZE        =    153    ----
   CONSTANT SIZE    =   ----    ----
   XDATA SIZE       =   ----    ----
   PDATA SIZE       =   ----    ----
   DATA SIZE        =   ----    ----
   IDATA SIZE       =   ----    ----
   BIT SIZE         =   ----    ----
   EDATA SIZE       =   ----    ----
   HDATA SIZE       =   ----    ----
   XDATA CONST SIZE =   ----    ----
   FAR CONST SIZE   =   ----    ----
END OF MODULE INFORMATION.


C51 COMPILATION COMPLETE.  0 WARNING(S),  0 ERROR(S)
