C51 COMPILER V9.59.0.0   LQ12864                                                           06/26/2018 17:17:59 PAGE 1   


C51 COMPILER V9.59.0.0, COMPILATION OF MODULE LQ12864
OBJECT MODULE PLACED IN .\Objects\LQ12864.obj
COMPILER INVOKED BY: D:\Keil_v5\C51\BIN\C51.EXE OLED_DSP\LQ12864.c OMF2 OPTIMIZE(8,SPEED) BROWSE INCDIR(..\STC8_I2C_OLED
                    -_Example;.\OLED_DSP;.\User_DSP;.\Common;.\Main) DEBUG PRINT(.\Listings\LQ12864.lst) TABS(2) OBJECT(.\Objects\LQ12864.obj
                    -)

line level    source

   1          
   2          
   3          #include "LQ12864.h"
   4          #include "I2C.h"
   5          //#include "codetab.h"
   6          #define OLED_CMD 1
   7          
   8          /*********************OLED驱动程序用的延时程序************************************/
   9          void delay(unsigned int z)
  10          {
  11   1        unsigned int x,y;
  12   1        for(x=z;x>0;x--)
  13   1          for(y=110;y>0;y--);
  14   1      }
  15          
  16          
  17          /*********************OLED写数据************************************/ 
  18          void OLED_WrDat(u8 IIC_Data)
  19          {
  20   1        I2C_Start();
  21   1        I2C_SendDAdr(OLED_ADDR);//屏幕地址
  22   1        I2C_SendDat(0x40);      //write data
  23   1        I2C_SendDat(IIC_Data);
  24   1        I2C_Stop();
  25   1      }
  26          /*********************OLED写命令************************************/
  27          void OLED_WrCmd(u8 IIC_Command)
  28          {
  29   1        I2C_Start();
  30   1        I2C_SendDAdr(OLED_ADDR);  //屏幕地址 ,SA0=0
  31   1        I2C_SendDat(0x00);      //write command
  32   1        I2C_SendDat(IIC_Command);
  33   1        I2C_Stop();
  34   1      }
  35          /*********************OLED 设置坐标************************************/
  36          void OLED_Set_Pos(u8 x, u8 y) 
  37          { 
  38   1      #if OLED_13    
  39   1        x+=2;//如果使用1.3寸的OLED，X坐标要+2才正确
  40   1      #endif  
  41   1        OLED_WrCmd(0xb0+y);
  42   1        OLED_WrCmd(((x&0xf0)>>4)|0x10);
  43   1        OLED_WrCmd((x&0x0f)|0x01);
  44   1      
  45   1      } 
  46          
  47          /*********************OLED全屏************************************/
  48          void OLED_Fill(u8 bmp_dat) 
  49          {
  50   1        u8 y,x;
  51   1        for(y=0;y<8;y++)
  52   1        {
  53   2          OLED_WrCmd(0xb0+y);
C51 COMPILER V9.59.0.0   LQ12864                                                           06/26/2018 17:17:59 PAGE 2   

  54   2          OLED_WrCmd(0x02);
  55   2          OLED_WrCmd(0x10);
  56   2          for(x=0;x<X_WIDTH;x++)
  57   2            OLED_WrDat(bmp_dat);
  58   2        }
  59   1      }
  60          /*********************OLED复位************************************/
  61          void OLED_CLS(void)
  62          {
  63   1        u8 y,x;
  64   1        for(y=0;y<8;y++)
  65   1        {
  66   2          OLED_WrCmd(0xb0+y);
  67   2      #if OLED_13   
  68   2          OLED_WrCmd (0x02);      //设置显示位置―列低地址,要是用1.3寸，这里是0x02,0.96寸是0x00;
  69   2      #else
                  OLED_WrCmd (0x00); 
              #endif
  72   2          OLED_WrCmd(0x10);
  73   2          for(x=0;x<X_WIDTH;x++)
  74   2            OLED_WrDat(0);
  75   2        }
  76   1      }
  77          
  78          void OLED_Clear(void)  
  79          {  
  80   1        u8 i,n;       
  81   1        for(i=0;i<8;i++)  
  82   1        {  
  83   2          OLED_WrCmd (0xb0+i);    //设置页地址（0~7）
  84   2      #if OLED_13   
  85   2          OLED_WrCmd (0x02);      //设置显示位置―列低地址,要是用1.3寸，这里是0x02,0.96寸是0x00;
  86   2      #else
                  OLED_WrCmd (0x00); 
              #endif
  89   2          OLED_WrCmd (0x10);      //设置显示位置―列高地址   
  90   2          for(n=0;n<128;n++)
  91   2           OLED_WrDat(0); 
  92   2        } //更新显示
  93   1      }
  94          
  95          
  96          /*********************OLED初始化************************************/
  97          void OLED_Init(void)
  98          {
  99   1        //delay(100);//初始化之前的延时很重要！
 100   1        OLED_WrCmd(0xae);//--关闭OLED显示
 101   1        //--------------------------
 102   1        //OLED_WrCmd(0x02);//---set low column address（使用0.96寸时，改为0x00)
 103   1      #if OLED_13   
 104   1        OLED_WrCmd (0x02);      //设置显示位置―列低地址,要是用1.3寸，这里是0x02,0.96寸是0x00;
 105   1      #else
                OLED_WrCmd (0x00); 
              #endif
 108   1        
 109   1        OLED_WrCmd(0x10);//---set high column address
 110   1      
 111   1        OLED_WrCmd(0x40);//--设置显示开始行(0x00~0x3F)
 112   1      
 113   1        OLED_WrCmd(0x81);//--对比度设置
 114   1        OLED_WrCmd(Brightness); // 255;默认0X7F (亮度设置,越大越亮)
 115   1      
C51 COMPILER V9.59.0.0   LQ12864                                                           06/26/2018 17:17:59 PAGE 3   

 116   1        OLED_WrCmd(0xa1);//--Set SEG/Column Mapping     0xa0左右反置 0xa1正常
 117   1        OLED_WrCmd(0xc8);//Set COM/Row Scan Direction   0xc0上下反置 0xc8正常
 118   1        OLED_WrCmd(0xa6);//--set normal display
 119   1      
 120   1        OLED_WrCmd(0xa8);//--设置驱动路数(1 to 64)
 121   1        OLED_WrCmd(0x3f);//--默认0X3F(1/64) 
 122   1      
 123   1        OLED_WrCmd(0xd3);//-//设置显示偏移(垂直）,Shift Mapping RAM Counter (0x00~0x3F)
 124   1        OLED_WrCmd(0x00);//-默认为0
 125   1      
 126   1        OLED_WrCmd(0xd5);//设置时钟分频因子,震荡频率
 127   1        OLED_WrCmd(0x80);//[3:0],分频因子;[7:4],震荡频率, Set Clock as 100 Frames/Sec
 128   1      
 129   1        OLED_WrCmd(0xd9);//--设置预充电周期
 130   1        OLED_WrCmd(0xf1);//Set Pre-Charge as 15 Clocks & Discharge as 1 Clock
 131   1        
 132   1        OLED_WrCmd(0xda);//--set com pins hardware configuration
 133   1        OLED_WrCmd(0x12);
 134   1        
 135   1        OLED_WrCmd(0xdb);//--设置VCOMH 电压倍率
 136   1        OLED_WrCmd(0x40);//Set VCOM Deselect Level
 137   1        
 138   1        OLED_WrCmd(0x20);//-设置内存地址模式 (0x00/0x01/0x02)
 139   1        OLED_WrCmd(0x02);////[1:0],00，列地址模式;01，行地址模式;10,页地址模式;默认10
 140   1         
 141   1        OLED_WrCmd(0x8d);//--电荷泵设置set Charge Pump enable/disable
 142   1        OLED_WrCmd(0x14);//--set(0x10) disable
 143   1        
 144   1        OLED_WrCmd(0xa4);// Disable Entire Display On (0xa4/0xa5)(白屏/黑屏）
 145   1        OLED_WrCmd(0xa6);// Disable Inverse Display On (0xa6/a7)(正常/反白）
 146   1       
 147   1        OLED_WrCmd(0xaf);//--开显示
 148   1        OLED_Clear();
 149   1      } 
 150          
 151          
 152          
 153          
 154          
 155          


MODULE INFORMATION:   STATIC OVERLAYABLE
   CODE SIZE        =    434    ----
   CONSTANT SIZE    =   ----    ----
   XDATA SIZE       =   ----    ----
   PDATA SIZE       =   ----    ----
   DATA SIZE        =   ----      10
   IDATA SIZE       =   ----    ----
   BIT SIZE         =   ----    ----
   EDATA SIZE       =   ----    ----
   HDATA SIZE       =   ----    ----
   XDATA CONST SIZE =   ----    ----
   FAR CONST SIZE   =   ----    ----
END OF MODULE INFORMATION.


C51 COMPILATION COMPLETE.  0 WARNING(S),  0 ERROR(S)
