C51 COMPILER V9.60.0.0   SSD1306                                                           06/01/2021 22:07:01 PAGE 1   


C51 COMPILER V9.60.0.0, COMPILATION OF MODULE SSD1306
OBJECT MODULE PLACED IN .\Objects\SSD1306.obj
COMPILER INVOKED BY: C:\Keil_v5\C51\BIN\C51.EXE OLED_DSP\SSD1306.c LARGE OMF2 OPTIMIZE(8,SPEED) BROWSE INCDIR(..\STC8_I2
                    -C_OLED_Example;.\OLED_DSP;.\User_DSP;.\Common;.\Main) DEBUG PRINT(.\Listings\SSD1306.lst) TABS(2) OBJECT(.\Objects\SSD13
                    -06.obj)

line level    source

   1          
   2          
   3          #include "SSD1306.h"
   4          #include "I2C.h"
   5          #include "font.h"
   6          #define OLED_CMD 1
   7          
   8          /*********************OLED驱动程序用的延时程序************************************/
   9          void delay(unsigned int z)
  10          {
  11   1        unsigned int x,y;
  12   1        for(x=z;x>0;x--)
  13   1          for(y=110;y>0;y--);
  14   1      }
  15          
  16          /*********************OLED写数据************************************/ 
  17          void OLED_WrDat(u8 IIC_Data)
  18          {
  19   1        I2C_Start();
  20   1        I2C_SendDAdr(OLED_ADDR);//屏幕地址
  21   1        I2C_SendDat(0x40);      //write data
  22   1        I2C_SendDat(IIC_Data);
  23   1        I2C_Stop();
  24   1      }
  25          /*********************OLED写命令************************************/
  26          void OLED_WrCmd(u8 IIC_Command)
  27          {
  28   1        I2C_Start();
  29   1        I2C_SendDAdr(OLED_ADDR);  //屏幕地址 ,SA0=0
  30   1        I2C_SendDat(0x00);      //write command
  31   1        I2C_SendDat(IIC_Command);
  32   1        I2C_Stop();
  33   1      }
  34          /*********************OLED 设置坐标************************************/
  35          void OLED_Set_Pos(u8 x, u8 y) 
  36          { 
  37   1      #if OLED_13    
  38   1        x+=2;//如果使用1.3寸的OLED，X坐标要+2才正确
  39   1      #endif  
  40   1        OLED_WrCmd(0xb0+y);
  41   1        OLED_WrCmd(((x&0xf0)>>4)|0x10);
  42   1        OLED_WrCmd((x&0x0f)|0x01);
  43   1      
  44   1      } 
  45          
  46          /*********************OLED全屏************************************/
  47          void OLED_Fill(u8 bmp_dat) 
  48          {
  49   1        u8 y,x;
  50   1        for(y=0;y<8;y++)
  51   1        {
  52   2          OLED_WrCmd(0xb0+y);
  53   2          OLED_WrCmd(0x02);
C51 COMPILER V9.60.0.0   SSD1306                                                           06/01/2021 22:07:01 PAGE 2   

  54   2          OLED_WrCmd(0x10);
  55   2          for(x=0;x<X_WIDTH;x++)
  56   2          OLED_WrDat(bmp_dat);
  57   2        }
  58   1      }
  59          /*********************OLED复位************************************/
  60          void OLED_Clear(void)  
  61          {  
  62   1        u8 i,n;       
  63   1        for(i=0;i<8;i++)  
  64   1        {  
  65   2          OLED_WrCmd (0xb0+i);    //设置页地址（0~7）
  66   2      #if OLED_13   
  67   2          OLED_WrCmd (0x02);      //设置显示位置―列低地址,要是用1.3寸，这里是0x02,0.96寸是0x00;
  68   2      #else
                  OLED_WrCmd (0x00); 
              #endif
  71   2          OLED_WrCmd (0x10);      //设置显示位置―列高地址   
  72   2          for(n=0;n<128;n++)
  73   2          OLED_WrDat(0); 
  74   2        } //更新显示
  75   1      }
  76          
  77          /*********************OLED初始化************************************/
  78          void OLED_Init(void)
  79          {
  80   1        delay(100);//初始化之前的延时很重要！
  81   1        OLED_WrCmd(0xae);//--关闭OLED显示
  82   1        //--------------------------
  83   1        //OLED_WrCmd(0x02);//---set low column address（使用0.96寸时，改为0x00)
  84   1      #if OLED_13   
  85   1        OLED_WrCmd (0x02);      //设置显示位置―列低地址,要是用1.3寸，这里是0x02,0.96寸是0x00;
  86   1      #else
                OLED_WrCmd (0x00); 
              #endif
  89   1        
  90   1        OLED_WrCmd(0x10);//---set high column address
  91   1      
  92   1        OLED_WrCmd(0x40);//--设置显示开始行(0x00~0x3F)
  93   1      
  94   1        OLED_WrCmd(0x81);//--对比度设置
  95   1        OLED_WrCmd(Brightness); // 255;默认0X7F (亮度设置,越大越亮)
  96   1      
  97   1        OLED_WrCmd(0xa1);//--Set SEG/Column Mapping     0xa0左右反置 0xa1正常
  98   1        OLED_WrCmd(0xc8);//Set COM/Row Scan Direction   0xc0上下反置 0xc8正常
  99   1        OLED_WrCmd(0xa6);//--set normal display
 100   1      
 101   1        OLED_WrCmd(0xa8);//--设置驱动路数(1 to 64)
 102   1        OLED_WrCmd(0x3f);//--默认0X3F(1/64) 
 103   1      
 104   1        OLED_WrCmd(0xd3);//-//设置显示偏移(垂直）,Shift Mapping RAM Counter (0x00~0x3F)
 105   1        OLED_WrCmd(0x00);//-默认为0
 106   1      
 107   1        OLED_WrCmd(0xd5);//设置时钟分频因子,震荡频率
 108   1        OLED_WrCmd(0x80);//[3:0],分频因子;[7:4],震荡频率, Set Clock as 100 Frames/Sec
 109   1      
 110   1        OLED_WrCmd(0xd9);//--设置预充电周期
 111   1        OLED_WrCmd(0xf1);//Set Pre-Charge as 15 Clocks & Discharge as 1 Clock
 112   1        
 113   1        OLED_WrCmd(0xda);//--set com pins hardware configuration
 114   1        OLED_WrCmd(0x12);
 115   1        
C51 COMPILER V9.60.0.0   SSD1306                                                           06/01/2021 22:07:01 PAGE 3   

 116   1        OLED_WrCmd(0xdb);//--设置VCOMH 电压倍率
 117   1        OLED_WrCmd(0x40);//Set VCOM Deselect Level
 118   1        
 119   1        OLED_WrCmd(0x20);//-设置内存地址模式 (0x00/0x01/0x02)
 120   1        OLED_WrCmd(0x02);////[1:0],00，列地址模式;01，行地址模式;10,页地址模式;默认10
 121   1         
 122   1        OLED_WrCmd(0x8d);//--电荷泵设置set Charge Pump enable/disable
 123   1        OLED_WrCmd(0x14);//--set(0x10) disable
 124   1        
 125   1        OLED_WrCmd(0xa4);// Disable Entire Display On (0xa4/0xa5)(白屏/黑屏）
 126   1        OLED_WrCmd(0xa6);// Disable Inverse Display On (0xa6/a7)(正常/反白）
 127   1       
 128   1        OLED_WrCmd(0xaf);//--开显示
 129   1        OLED_Clear();
 130   1      } 
 131          /***************功能描述：显示6*8一组标准ASCII字符串  显示的坐标（x,y），y为页范围0～7****************/
 132          void OLED_P6x8Str(unsigned char x, y,unsigned char ch[])
 133          {
 134   1        unsigned char c=0,i=0,j=0;
 135   1        while (ch[j]!='\0')
 136   1        {
 137   2          c =ch[j]-32;
 138   2          if(x>126){x=0;y++;}
 139   2          OLED_Set_Pos(x,y);
 140   2          for(i=0;i<6;i++)
 141   2          OLED_WrDat(F6x8[c][i]);
 142   2          x+=6;
 143   2          j++;
 144   2        }
 145   1      }
 146          /*******************功能描述：显示8*16一组标准ASCII字符串  显示的坐标（x,y），y为页范围0～7***************
             -*/
 147          void OLED_P8x16Str(unsigned char x, y,unsigned char ch[])
 148          {
 149   1        unsigned char c=0,i=0,j=0;
 150   1        while (ch[j]!='\0')
 151   1        {
 152   2          c =ch[j]-32;
 153   2          if(x>120){x=0;y++;}
 154   2          OLED_Set_Pos(x,y);
 155   2          for(i=0;i<8;i++)
 156   2          OLED_WrDat(F8X16[c*16+i]);
 157   2          OLED_Set_Pos(x,y+1);
 158   2          for(i=0;i<8;i++)
 159   2          OLED_WrDat(F8X16[c*16+i+8]);
 160   2          x+=8;
 161   2          j++;
 162   2        }
 163   1      }
 164          /***********功能描述：显示显示BMP图片128×64起始点坐标(x,y),x的范围0～127，y为页的范围0～7****************
             -*/
 165          void Draw_BMP(unsigned char x0, y0,x1, y1,unsigned char BMP[])
 166          {
 167   1        unsigned int j=0;
 168   1        unsigned char x,y;
 169   1      
 170   1        if(y1%8==0) y=y1/8;      
 171   1        else y=y1/8+1;
 172   1        for(y=y0;y<y1;y++)
 173   1        {
 174   2          OLED_Set_Pos(x0,y);
 175   2          for(x=x0;x<x1;x++)
C51 COMPILER V9.60.0.0   SSD1306                                                           06/01/2021 22:07:01 PAGE 4   

 176   2            {      
 177   3              OLED_WrDat(BMP[j++]);
 178   3            }
 179   2        }
 180   1      }
 181          
 182          
 183          


MODULE INFORMATION:   STATIC OVERLAYABLE
   CODE SIZE        =   1054    ----
   CONSTANT SIZE    =   ----    ----
   XDATA SIZE       =   ----      40
   PDATA SIZE       =   ----    ----
   DATA SIZE        =   ----    ----
   IDATA SIZE       =   ----    ----
   BIT SIZE         =   ----    ----
   EDATA SIZE       =   ----    ----
   HDATA SIZE       =   ----    ----
   XDATA CONST SIZE =   ----    ----
   FAR CONST SIZE   =   ----    ----
END OF MODULE INFORMATION.


C51 COMPILATION COMPLETE.  0 WARNING(S),  0 ERROR(S)
