C51 COMPILER V9.59.0.0   MIAN                                                              06/26/2018 14:49:29 PAGE 1   


C51 COMPILER V9.59.0.0, COMPILATION OF MODULE MIAN
OBJECT MODULE PLACED IN .\Objects\mian.obj
COMPILER INVOKED BY: D:\Keil_v5\C51\BIN\C51.EXE Main\mian.c OMF2 OPTIMIZE(8,SPEED) BROWSE INCDIR(..\STC8_I2C_OLED_Exampl
                    -e;.\OLED_DSP;.\User_DSP;.\Common;.\Main) DEBUG PRINT(.\Listings\mian.lst) TABS(2) OBJECT(.\Objects\mian.obj)

line level    source

   1          #include <STC8.H>
   2          #include "Function_Define.h"
   3          #include "intrins.h"
   4          #include "main.h"
*** WARNING C318 IN LINE 4 OF Main\mian.c: can't open file 'main.h'
   5          #include "i2c.h"
   6          
   7          #include "LQ12864.h"
   8          #include "GUI.h"
   9          #include "GUI_ISR.h"
  10          #include "delay.h"
  11          
  12          void main()
  13          {
  14   1        P30_PushPull_Mode;
  15   1        
  16   1        while(1)
  17   1        {
  18   2          P30_PushPull_Mode;
  19   2          P_SW2 = 0x80;//使能访问扩张SFR 
  20   2          //CLKDIV=0x00;
  21   2          I2C_Init();//I2C总线初始化
  22   2          OLED_Init(); //OLED初始化
  23   2          delay_ms(100);
  24   2          OLED_CLS();
  25   2          GUI_DrawFont16(0,0,"数",0);
  26   2          Show_Str(16, 0, "码之家MyDigit", 16, 0);
  27   2          Show_Str(0, 2, "我爱单片机", 16, 0);
  28   2          Show_Str(0, 4, "STC8F2K16S2", 16, 0);
  29   2          Show_Str(0, 6, "OLED Example", 16, 0);
  30   2      
  31   2        }
  32   1        
  33   1        
  34   1      }


MODULE INFORMATION:   STATIC OVERLAYABLE
   CODE SIZE        =    129    ----
   CONSTANT SIZE    =     62    ----
   XDATA SIZE       =   ----    ----
   PDATA SIZE       =   ----    ----
   DATA SIZE        =   ----    ----
   IDATA SIZE       =   ----    ----
   BIT SIZE         =   ----    ----
   EDATA SIZE       =   ----    ----
   HDATA SIZE       =   ----    ----
   XDATA CONST SIZE =   ----    ----
   FAR CONST SIZE   =   ----    ----
END OF MODULE INFORMATION.


C51 COMPILATION COMPLETE.  1 WARNING(S),  0 ERROR(S)
